{"name":"hexo","hostname":"imoncedeMacBook-Pro.local","pid":36398,"level":20,"msg":"Writing database to /Users/imonce/Documents/Hexo/db.json","time":"2019-04-25T04:00:25.261Z","v":0}
{"name":"hexo","hostname":"imoncedeMacBook-Pro.local","pid":36398,"level":20,"msg":"Hexo version: \u001b[35m3.8.0\u001b[39m","time":"2019-04-25T04:00:25.277Z","v":0}
{"name":"hexo","hostname":"imoncedeMacBook-Pro.local","pid":36398,"level":20,"msg":"Working directory: \u001b[35m~/Documents/Hexo/\u001b[39m","time":"2019-04-25T04:00:25.278Z","v":0}
{"name":"hexo","hostname":"imoncedeMacBook-Pro.local","pid":36398,"level":20,"msg":"Config loaded: \u001b[35m~/Documents/Hexo/_config.yml\u001b[39m","time":"2019-04-25T04:00:25.435Z","v":0}
{"name":"hexo","hostname":"imoncedeMacBook-Pro.local","pid":36398,"level":20,"msg":"Plugin loaded: \u001b[35mhexo-generator-index\u001b[39m","time":"2019-04-25T04:00:25.455Z","v":0}
{"name":"hexo","hostname":"imoncedeMacBook-Pro.local","pid":36398,"level":20,"msg":"Plugin loaded: \u001b[35mhexo-deployer-git\u001b[39m","time":"2019-04-25T04:00:25.539Z","v":0}
{"name":"hexo","hostname":"imoncedeMacBook-Pro.local","pid":36398,"level":20,"msg":"Plugin loaded: \u001b[35mhexo-git-backup\u001b[39m","time":"2019-04-25T04:00:25.566Z","v":0}
{"name":"hexo","hostname":"imoncedeMacBook-Pro.local","pid":36398,"level":20,"msg":"Plugin loaded: \u001b[35mhexo-generator-archive\u001b[39m","time":"2019-04-25T04:00:25.572Z","v":0}
{"name":"hexo","hostname":"imoncedeMacBook-Pro.local","pid":36398,"level":20,"msg":"Plugin loaded: \u001b[35mhexo-renderer-ejs\u001b[39m","time":"2019-04-25T04:00:25.577Z","v":0}
{"name":"hexo","hostname":"imoncedeMacBook-Pro.local","pid":36398,"level":20,"msg":"Plugin loaded: \u001b[35mhexo-generator-category\u001b[39m","time":"2019-04-25T04:00:25.582Z","v":0}
{"name":"hexo","hostname":"imoncedeMacBook-Pro.local","pid":36398,"level":20,"msg":"Plugin loaded: \u001b[35mhexo-renderer-stylus\u001b[39m","time":"2019-04-25T04:00:25.583Z","v":0}
{"name":"hexo","hostname":"imoncedeMacBook-Pro.local","pid":36398,"level":20,"msg":"Plugin loaded: \u001b[35mhexo-inject\u001b[39m","time":"2019-04-25T04:00:26.075Z","v":0}
{"name":"hexo","hostname":"imoncedeMacBook-Pro.local","pid":36398,"level":20,"msg":"Plugin loaded: \u001b[35mhexo-wordcount\u001b[39m","time":"2019-04-25T04:00:26.157Z","v":0}
{"name":"hexo","hostname":"imoncedeMacBook-Pro.local","pid":36398,"level":20,"msg":"Plugin loaded: \u001b[35mhexo-renderer-marked\u001b[39m","time":"2019-04-25T04:00:26.163Z","v":0}
{"name":"hexo","hostname":"imoncedeMacBook-Pro.local","pid":36398,"level":20,"msg":"Plugin loaded: \u001b[35mhexo-server\u001b[39m","time":"2019-04-25T04:00:26.248Z","v":0}
{"name":"hexo","hostname":"imoncedeMacBook-Pro.local","pid":36398,"level":20,"msg":"Plugin loaded: \u001b[35mhexo-generator-tag\u001b[39m","time":"2019-04-25T04:00:26.254Z","v":0}
{"name":"hexo","hostname":"imoncedeMacBook-Pro.local","pid":36398,"level":20,"msg":"[hexo-inject] firing inject_ready","time":"2019-04-25T04:00:26.255Z","v":0}
{"name":"hexo","hostname":"imoncedeMacBook-Pro.local","pid":36398,"level":20,"msg":"Loading database.","time":"2019-04-25T04:00:26.259Z","v":0}
{"name":"hexo","hostname":"imoncedeMacBook-Pro.local","pid":36398,"level":30,"msg":"Start processing","time":"2019-04-25T04:00:26.575Z","v":0}
{"name":"hexo","hostname":"imoncedeMacBook-Pro.local","pid":36398,"level":20,"msg":"Processed: \u001b[35m_posts/6小时精通python-一.md\u001b[39m","time":"2019-04-25T04:00:27.624Z","v":0}
{"name":"hexo","hostname":"imoncedeMacBook-Pro.local","pid":36398,"level":20,"msg":"Processed: \u001b[35m_posts/6小时精通python-三.md\u001b[39m","time":"2019-04-25T04:00:27.625Z","v":0}
{"name":"hexo","hostname":"imoncedeMacBook-Pro.local","pid":36398,"level":20,"msg":"Processed: \u001b[35m_posts/6小时精通python-二.md\u001b[39m","time":"2019-04-25T04:00:27.625Z","v":0}
{"name":"hexo","hostname":"imoncedeMacBook-Pro.local","pid":36398,"level":20,"msg":"Processed: \u001b[35m_posts/6小时精通python-五.md\u001b[39m","time":"2019-04-25T04:00:27.625Z","v":0}
{"name":"hexo","hostname":"imoncedeMacBook-Pro.local","pid":36398,"level":20,"msg":"Processed: \u001b[35m_posts/6小时精通python-六-完结.md\u001b[39m","time":"2019-04-25T04:00:27.625Z","v":0}
{"name":"hexo","hostname":"imoncedeMacBook-Pro.local","pid":36398,"level":20,"msg":"Processed: \u001b[35m_posts/Lambda演算精简教程.md\u001b[39m","time":"2019-04-25T04:00:27.625Z","v":0}
{"name":"hexo","hostname":"imoncedeMacBook-Pro.local","pid":36398,"level":20,"msg":"Processed: \u001b[35m_posts/6小时精通python-四.md\u001b[39m","time":"2019-04-25T04:00:27.625Z","v":0}
{"name":"hexo","hostname":"imoncedeMacBook-Pro.local","pid":36398,"level":20,"msg":"Processed: \u001b[35m_posts/Chainer入门教程(下)-MNIST手写体识别.md\u001b[39m","time":"2019-04-25T04:00:27.625Z","v":0}
{"name":"hexo","hostname":"imoncedeMacBook-Pro.local","pid":36398,"level":20,"msg":"Processed: \u001b[35m_posts/Chainer入门教程(上)：在Chainer中做线性回归.md\u001b[39m","time":"2019-04-25T04:00:27.625Z","v":0}
{"name":"hexo","hostname":"imoncedeMacBook-Pro.local","pid":36398,"level":20,"msg":"Processed: \u001b[35m_posts/Mac如何卸载pandoc.md\u001b[39m","time":"2019-04-25T04:00:27.625Z","v":0}
{"name":"hexo","hostname":"imoncedeMacBook-Pro.local","pid":36398,"level":20,"msg":"Processed: \u001b[35m_posts/MECE分析法学习-Mutually-Exclusive-Collectively-Exhaustive.md\u001b[39m","time":"2019-04-25T04:00:27.625Z","v":0}
{"name":"hexo","hostname":"imoncedeMacBook-Pro.local","pid":36398,"level":20,"msg":"Processed: \u001b[35m_posts/Python-对dict字典进行排序.md\u001b[39m","time":"2019-04-25T04:00:27.625Z","v":0}
{"name":"hexo","hostname":"imoncedeMacBook-Pro.local","pid":36398,"level":20,"msg":"Processed: \u001b[35m_posts/Python入门：pickle模块简介.md\u001b[39m","time":"2019-04-25T04:00:27.625Z","v":0}
{"name":"hexo","hostname":"imoncedeMacBook-Pro.local","pid":36398,"level":20,"msg":"Processed: \u001b[35m_posts/Reading-Notes-Business-process-management-BPM-standards-a-survey.md\u001b[39m","time":"2019-04-25T04:00:27.625Z","v":0}
{"name":"hexo","hostname":"imoncedeMacBook-Pro.local","pid":36398,"level":20,"msg":"Processed: \u001b[35m_posts/Python-python通过threading开启多线程.md\u001b[39m","time":"2019-04-25T04:00:27.626Z","v":0}
{"name":"hexo","hostname":"imoncedeMacBook-Pro.local","pid":36398,"level":20,"msg":"Processed: \u001b[35m_posts/Trick-bash-tensorboard-未找到命令.md\u001b[39m","time":"2019-04-25T04:00:27.626Z","v":0}
{"name":"hexo","hostname":"imoncedeMacBook-Pro.local","pid":36398,"level":20,"msg":"Processed: \u001b[35m_posts/Trick-git-pull-强制覆盖本地文件.md\u001b[39m","time":"2019-04-25T04:00:27.626Z","v":0}
{"name":"hexo","hostname":"imoncedeMacBook-Pro.local","pid":36398,"level":20,"msg":"Processed: \u001b[35m_posts/WS-BPEL-2-0-xml-schema-详解(一).md\u001b[39m","time":"2019-04-25T04:00:27.626Z","v":0}
{"name":"hexo","hostname":"imoncedeMacBook-Pro.local","pid":36398,"level":20,"msg":"Processed: \u001b[35m_posts/WS-BPEL-2-0-xml-schema-详解-三.md\u001b[39m","time":"2019-04-25T04:00:27.626Z","v":0}
{"name":"hexo","hostname":"imoncedeMacBook-Pro.local","pid":36398,"level":20,"msg":"Processed: \u001b[35m_posts/WS-BPEL-2-0-xml-schema-详解-二.md\u001b[39m","time":"2019-04-25T04:00:27.626Z","v":0}
{"name":"hexo","hostname":"imoncedeMacBook-Pro.local","pid":36398,"level":20,"msg":"Processed: \u001b[35m_posts/XMLSchema入门.md\u001b[39m","time":"2019-04-25T04:00:27.626Z","v":0}
{"name":"hexo","hostname":"imoncedeMacBook-Pro.local","pid":36398,"level":20,"msg":"Processed: \u001b[35m_posts/WS-BPEL-2-0-xml-schema-详解-全.md\u001b[39m","time":"2019-04-25T04:00:27.626Z","v":0}
{"name":"hexo","hostname":"imoncedeMacBook-Pro.local","pid":36398,"level":20,"msg":"Processed: \u001b[35m_posts/[Reading Notes] Object detection via a multi-region & sematic segmentation-aware CNN model.md\u001b[39m","time":"2019-04-25T04:00:27.626Z","v":0}
{"name":"hexo","hostname":"imoncedeMacBook-Pro.local","pid":36398,"level":20,"msg":"Processed: \u001b[35m_posts/XSD学习笔记完整版.md\u001b[39m","time":"2019-04-25T04:00:27.626Z","v":0}
{"name":"hexo","hostname":"imoncedeMacBook-Pro.local","pid":36398,"level":20,"msg":"Processed: \u001b[35m_posts/[Reading Notes] Privacy-CNH- A Framework to Detect Photo Privacy with Convolutional Neural Network using Hierarchical Features.md\u001b[39m","time":"2019-04-25T04:00:27.626Z","v":0}
{"name":"hexo","hostname":"imoncedeMacBook-Pro.local","pid":36398,"level":20,"msg":"Processed: \u001b[35m_posts/hello-world.md\u001b[39m","time":"2019-04-25T04:00:27.626Z","v":0}
{"name":"hexo","hostname":"imoncedeMacBook-Pro.local","pid":36398,"level":20,"msg":"Processed: \u001b[35m_posts/[Reading Notes] UniCrawl- A Practical Geographically Distributed Web Crawler.md\u001b[39m","time":"2019-04-25T04:00:27.626Z","v":0}
{"name":"hexo","hostname":"imoncedeMacBook-Pro.local","pid":36398,"level":20,"msg":"Processed: \u001b[35m_posts/jupyter配置远程访问.md\u001b[39m","time":"2019-04-25T04:00:27.626Z","v":0}
{"name":"hexo","hostname":"imoncedeMacBook-Pro.local","pid":36398,"level":20,"msg":"Processed: \u001b[35m_posts/latex-使用longtable实现表格跨页.md\u001b[39m","time":"2019-04-25T04:00:27.626Z","v":0}
{"name":"hexo","hostname":"imoncedeMacBook-Pro.local","pid":36398,"level":20,"msg":"Processed: \u001b[35m_posts/latex-修改bst使bib引文按照引用顺序排序.md\u001b[39m","time":"2019-04-25T04:00:27.626Z","v":0}
{"name":"hexo","hostname":"imoncedeMacBook-Pro.local","pid":36398,"level":20,"msg":"Processed: \u001b[35m_posts/latex-统一caption格式.md\u001b[39m","time":"2019-04-25T04:00:27.626Z","v":0}
{"name":"hexo","hostname":"imoncedeMacBook-Pro.local","pid":36398,"level":20,"msg":"Processed: \u001b[35m_posts/latex数学符号表.md\u001b[39m","time":"2019-04-25T04:00:27.626Z","v":0}
{"name":"hexo","hostname":"imoncedeMacBook-Pro.local","pid":36398,"level":20,"msg":"Processed: \u001b[35m_posts/linux如何查看磁盘可用空间.md\u001b[39m","time":"2019-04-25T04:00:27.627Z","v":0}
{"name":"hexo","hostname":"imoncedeMacBook-Pro.local","pid":36398,"level":20,"msg":"Processed: \u001b[35m_posts/mac显示隐藏文件-文件夹快捷键.md\u001b[39m","time":"2019-04-25T04:00:27.627Z","v":0}
{"name":"hexo","hostname":"imoncedeMacBook-Pro.local","pid":36398,"level":20,"msg":"Processed: \u001b[35m_posts/mysql-python安装错误：EnvironmentError- mysql_config not found.md\u001b[39m","time":"2019-04-25T04:00:27.627Z","v":0}
{"name":"hexo","hostname":"imoncedeMacBook-Pro.local","pid":36398,"level":20,"msg":"Processed: \u001b[35m_posts/python-获取某文件夹下所有文件名.md\u001b[39m","time":"2019-04-25T04:00:27.627Z","v":0}
{"name":"hexo","hostname":"imoncedeMacBook-Pro.local","pid":36398,"level":20,"msg":"Processed: \u001b[35m_posts/owl本体语言学习笔记.md\u001b[39m","time":"2019-04-25T04:00:27.627Z","v":0}
{"name":"hexo","hostname":"imoncedeMacBook-Pro.local","pid":36398,"level":20,"msg":"Processed: \u001b[35m_posts/从0到100：zabbix及其支持环境的完整安装教程.md\u001b[39m","time":"2019-04-25T04:00:27.627Z","v":0}
{"name":"hexo","hostname":"imoncedeMacBook-Pro.local","pid":36398,"level":20,"msg":"Processed: \u001b[35m_posts/商业模式新生代读书笔记一.md\u001b[39m","time":"2019-04-25T04:00:27.627Z","v":0}
{"name":"hexo","hostname":"imoncedeMacBook-Pro.local","pid":36398,"level":20,"msg":"Processed: \u001b[35m_posts/商业模式新生代读书笔记三.md\u001b[39m","time":"2019-04-25T04:00:27.627Z","v":0}
{"name":"hexo","hostname":"imoncedeMacBook-Pro.local","pid":36398,"level":20,"msg":"Processed: \u001b[35m_posts/商业模式新生代读书笔记二.md\u001b[39m","time":"2019-04-25T04:00:27.627Z","v":0}
{"name":"hexo","hostname":"imoncedeMacBook-Pro.local","pid":36398,"level":20,"msg":"Processed: \u001b[35m_posts/浙大邮箱第三方登录设置方法.md\u001b[39m","time":"2019-04-25T04:00:27.627Z","v":0}
{"name":"hexo","hostname":"imoncedeMacBook-Pro.local","pid":36398,"level":20,"msg":"Processed: \u001b[35m_posts/在linux上创建root权限用户（不修改系统文件）.md\u001b[39m","time":"2019-04-25T04:00:27.627Z","v":0}
{"name":"hexo","hostname":"imoncedeMacBook-Pro.local","pid":36398,"level":20,"msg":"Processed: \u001b[35m_posts/远程连接mysql报错：1130 - Host '192.168.2.204' is not allowed to connect to this MySQL server.md\u001b[39m","time":"2019-04-25T04:00:27.627Z","v":0}
{"name":"hexo","hostname":"imoncedeMacBook-Pro.local","pid":36398,"level":20,"msg":"Processed: \u001b[35m_posts/远程连接mysql报错：error 2003 （hy000）-can't connect to mysql server on 'localhost' (10061).md\u001b[39m","time":"2019-04-25T04:00:27.627Z","v":0}
{"name":"hexo","hostname":"imoncedeMacBook-Pro.local","pid":36398,"level":20,"msg":"Processed: \u001b[35m_posts/通过python进行数据分析-一.md\u001b[39m","time":"2019-04-25T04:00:27.627Z","v":0}
{"name":"hexo","hostname":"imoncedeMacBook-Pro.local","pid":36398,"level":20,"msg":"Processed: \u001b[35m_posts/通过python进行数据分析-二.md\u001b[39m","time":"2019-04-25T04:00:27.627Z","v":0}
{"name":"hexo","hostname":"imoncedeMacBook-Pro.local","pid":36398,"level":20,"msg":"Processed: \u001b[35massets/files/data.py\u001b[39m","time":"2019-04-25T04:00:28.178Z","v":0}
{"name":"hexo","hostname":"imoncedeMacBook-Pro.local","pid":36398,"level":20,"msg":"Processed: \u001b[35massets/images/zabbix_1.jpg\u001b[39m","time":"2019-04-25T04:00:28.178Z","v":0}
{"name":"hexo","hostname":"imoncedeMacBook-Pro.local","pid":36398,"level":20,"msg":"Processed: \u001b[35massets/images/zabbix_10.jpg\u001b[39m","time":"2019-04-25T04:00:28.178Z","v":0}
{"name":"hexo","hostname":"imoncedeMacBook-Pro.local","pid":36398,"level":20,"msg":"Processed: \u001b[35massets/images/zabbix_11.jpg\u001b[39m","time":"2019-04-25T04:00:28.178Z","v":0}
{"name":"hexo","hostname":"imoncedeMacBook-Pro.local","pid":36398,"level":20,"msg":"Processed: \u001b[35massets/images/zabbix_12.jpg\u001b[39m","time":"2019-04-25T04:00:28.179Z","v":0}
{"name":"hexo","hostname":"imoncedeMacBook-Pro.local","pid":36398,"level":20,"msg":"Processed: \u001b[35massets/images/zabbix_13.jpg\u001b[39m","time":"2019-04-25T04:00:28.179Z","v":0}
{"name":"hexo","hostname":"imoncedeMacBook-Pro.local","pid":36398,"level":20,"msg":"Processed: \u001b[35massets/images/zabbix_2.jpg\u001b[39m","time":"2019-04-25T04:00:28.179Z","v":0}
{"name":"hexo","hostname":"imoncedeMacBook-Pro.local","pid":36398,"level":20,"msg":"Processed: \u001b[35massets/images/zabbix_4.jpg\u001b[39m","time":"2019-04-25T04:00:28.179Z","v":0}
{"name":"hexo","hostname":"imoncedeMacBook-Pro.local","pid":36398,"level":20,"msg":"Processed: \u001b[35massets/images/zabbix_5.jpg\u001b[39m","time":"2019-04-25T04:00:28.179Z","v":0}
{"name":"hexo","hostname":"imoncedeMacBook-Pro.local","pid":36398,"level":20,"msg":"Processed: \u001b[35massets/images/zabbix_6.jpg\u001b[39m","time":"2019-04-25T04:00:28.179Z","v":0}
{"name":"hexo","hostname":"imoncedeMacBook-Pro.local","pid":36398,"level":20,"msg":"Processed: \u001b[35massets/images/zabbix_7.jpg\u001b[39m","time":"2019-04-25T04:00:28.179Z","v":0}
{"name":"hexo","hostname":"imoncedeMacBook-Pro.local","pid":36398,"level":20,"msg":"Processed: \u001b[35massets/images/zabbix_8.jpg\u001b[39m","time":"2019-04-25T04:00:28.180Z","v":0}
{"name":"hexo","hostname":"imoncedeMacBook-Pro.local","pid":36398,"level":20,"msg":"Processed: \u001b[35massets/images/zabbix_9.jpg\u001b[39m","time":"2019-04-25T04:00:28.180Z","v":0}
{"name":"hexo","hostname":"imoncedeMacBook-Pro.local","pid":36398,"level":20,"msg":"Theme config loaded.","time":"2019-04-25T04:00:28.754Z","v":0}
{"name":"hexo","hostname":"imoncedeMacBook-Pro.local","pid":36398,"level":20,"msg":"Processed: \u001b[35m_config.yml\u001b[39m","time":"2019-04-25T04:00:28.776Z","v":0}
{"name":"hexo","hostname":"imoncedeMacBook-Pro.local","pid":36398,"level":20,"msg":"Processed: \u001b[35massets/images/zabbix_14.jpg\u001b[39m","time":"2019-04-25T04:00:28.777Z","v":0}
{"name":"hexo","hostname":"imoncedeMacBook-Pro.local","pid":36398,"level":20,"msg":"Processed: \u001b[35massets/images/zabbix_3.jpg\u001b[39m","time":"2019-04-25T04:00:28.779Z","v":0}
{"name":"hexo","hostname":"imoncedeMacBook-Pro.local","pid":36398,"level":20,"msg":"Processed: \u001b[35msource/assets/algolia_logo.svg\u001b[39m","time":"2019-04-25T04:00:28.779Z","v":0}
{"name":"hexo","hostname":"imoncedeMacBook-Pro.local","pid":36398,"level":20,"msg":"Processed: \u001b[35msource/assets/example_qr.png\u001b[39m","time":"2019-04-25T04:00:28.780Z","v":0}
{"name":"hexo","hostname":"imoncedeMacBook-Pro.local","pid":36398,"level":20,"msg":"Processed: \u001b[35msource/assets/loading.svg\u001b[39m","time":"2019-04-25T04:00:28.780Z","v":0}
{"name":"hexo","hostname":"imoncedeMacBook-Pro.local","pid":36398,"level":20,"msg":"Processed: \u001b[35msource/assets/favicon.ico\u001b[39m","time":"2019-04-25T04:00:28.780Z","v":0}
{"name":"hexo","hostname":"imoncedeMacBook-Pro.local","pid":36398,"level":20,"msg":"Processed: \u001b[35msource/avatar/C_Meng.png\u001b[39m","time":"2019-04-25T04:00:28.780Z","v":0}
{"name":"hexo","hostname":"imoncedeMacBook-Pro.local","pid":36398,"level":20,"msg":"Processed: \u001b[35msource/avatar/Misaka.jpg\u001b[39m","time":"2019-04-25T04:00:28.780Z","v":0}
{"name":"hexo","hostname":"imoncedeMacBook-Pro.local","pid":36398,"level":20,"msg":"Processed: \u001b[35msource/font/Source Sans Pro.woff\u001b[39m","time":"2019-04-25T04:00:28.780Z","v":0}
{"name":"hexo","hostname":"imoncedeMacBook-Pro.local","pid":36398,"level":20,"msg":"Processed: \u001b[35msource/font/Source Sans Pro.woff2\u001b[39m","time":"2019-04-25T04:00:28.781Z","v":0}
{"name":"hexo","hostname":"imoncedeMacBook-Pro.local","pid":36398,"level":20,"msg":"Processed: \u001b[35msource/css/mobile.css\u001b[39m","time":"2019-04-25T04:00:28.781Z","v":0}
{"name":"hexo","hostname":"imoncedeMacBook-Pro.local","pid":36398,"level":20,"msg":"Processed: \u001b[35msource/css/style.css\u001b[39m","time":"2019-04-25T04:00:28.781Z","v":0}
{"name":"hexo","hostname":"imoncedeMacBook-Pro.local","pid":36398,"level":20,"msg":"Processed: \u001b[35msource/css/styleback.css\u001b[39m","time":"2019-04-25T04:00:28.781Z","v":0}
{"name":"hexo","hostname":"imoncedeMacBook-Pro.local","pid":36398,"level":20,"msg":"Processed: \u001b[35msource/lib/webfontloader.min.js\u001b[39m","time":"2019-04-25T04:00:28.781Z","v":0}
{"name":"hexo","hostname":"imoncedeMacBook-Pro.local","pid":36398,"level":20,"msg":"Processed: \u001b[35msource/scripts/search.js\u001b[39m","time":"2019-04-25T04:00:28.781Z","v":0}
{"name":"hexo","hostname":"imoncedeMacBook-Pro.local","pid":36398,"level":20,"msg":"Processed: \u001b[35msource/scripts/main.js\u001b[39m","time":"2019-04-25T04:00:28.782Z","v":0}
{"name":"hexo","hostname":"imoncedeMacBook-Pro.local","pid":36398,"level":20,"msg":"Processed: \u001b[35msource/scripts/share.js\u001b[39m","time":"2019-04-25T04:00:28.782Z","v":0}
{"name":"hexo","hostname":"imoncedeMacBook-Pro.local","pid":36398,"level":20,"msg":"Processed: \u001b[35msource/font/Oswald-Regular.ttf\u001b[39m","time":"2019-04-25T04:00:29.204Z","v":0}
{"name":"hexo","hostname":"imoncedeMacBook-Pro.local","pid":36398,"level":20,"msg":"Processed: \u001b[35msource/font/SourceCodePro-Regular.ttf.woff\u001b[39m","time":"2019-04-25T04:00:29.204Z","v":0}
{"name":"hexo","hostname":"imoncedeMacBook-Pro.local","pid":36398,"level":20,"msg":"Processed: \u001b[35msource/font/SourceCodePro-Regular.ttf.woff2\u001b[39m","time":"2019-04-25T04:00:29.204Z","v":0}
{"name":"hexo","hostname":"imoncedeMacBook-Pro.local","pid":36398,"level":20,"msg":"Processed: \u001b[35msource/lib/jquery.min.js\u001b[39m","time":"2019-04-25T04:00:29.204Z","v":0}
{"name":"hexo","hostname":"imoncedeMacBook-Pro.local","pid":36398,"level":20,"msg":"Processed: \u001b[35msource/intro/404-bg.jpg\u001b[39m","time":"2019-04-25T04:00:29.204Z","v":0}
{"name":"hexo","hostname":"imoncedeMacBook-Pro.local","pid":36398,"level":20,"msg":"Processed: \u001b[35mlayout/404.ejs\u001b[39m","time":"2019-04-25T04:00:29.768Z","v":0}
{"name":"hexo","hostname":"imoncedeMacBook-Pro.local","pid":36398,"level":20,"msg":"Processed: \u001b[35mlayout/about.ejs\u001b[39m","time":"2019-04-25T04:00:29.768Z","v":0}
{"name":"hexo","hostname":"imoncedeMacBook-Pro.local","pid":36398,"level":20,"msg":"Processed: \u001b[35mlayout/index.ejs\u001b[39m","time":"2019-04-25T04:00:29.768Z","v":0}
{"name":"hexo","hostname":"imoncedeMacBook-Pro.local","pid":36398,"level":20,"msg":"Processed: \u001b[35mlayout/layout.ejs\u001b[39m","time":"2019-04-25T04:00:29.768Z","v":0}
{"name":"hexo","hostname":"imoncedeMacBook-Pro.local","pid":36398,"level":20,"msg":"Processed: \u001b[35mlayout/post.ejs\u001b[39m","time":"2019-04-25T04:00:29.768Z","v":0}
{"name":"hexo","hostname":"imoncedeMacBook-Pro.local","pid":36398,"level":20,"msg":"Processed: \u001b[35mlayout/site-meta.ejs\u001b[39m","time":"2019-04-25T04:00:29.768Z","v":0}
{"name":"hexo","hostname":"imoncedeMacBook-Pro.local","pid":36398,"level":20,"msg":"Processed: \u001b[35mlanguages/en.yml\u001b[39m","time":"2019-04-25T04:00:29.809Z","v":0}
{"name":"hexo","hostname":"imoncedeMacBook-Pro.local","pid":36398,"level":20,"msg":"Processed: \u001b[35mlanguages/default.yml\u001b[39m","time":"2019-04-25T04:00:29.809Z","v":0}
{"name":"hexo","hostname":"imoncedeMacBook-Pro.local","pid":36398,"level":20,"msg":"Processed: \u001b[35msource/intro/about-bg.jpg\u001b[39m","time":"2019-04-25T04:00:30.337Z","v":0}
{"name":"hexo","hostname":"imoncedeMacBook-Pro.local","pid":36398,"level":20,"msg":"Processed: \u001b[35msource/intro/post-bg.jpg\u001b[39m","time":"2019-04-25T04:00:30.337Z","v":0}
{"name":"hexo","hostname":"imoncedeMacBook-Pro.local","pid":36398,"level":20,"msg":"Processed: \u001b[35mlayout/_partial/algolia.ejs\u001b[39m","time":"2019-04-25T04:00:30.619Z","v":0}
{"name":"hexo","hostname":"imoncedeMacBook-Pro.local","pid":36398,"level":20,"msg":"Processed: \u001b[35mlayout/_partial/base-background-image.ejs\u001b[39m","time":"2019-04-25T04:00:30.619Z","v":0}
{"name":"hexo","hostname":"imoncedeMacBook-Pro.local","pid":36398,"level":20,"msg":"Processed: \u001b[35mlayout/_partial/base-footer.ejs\u001b[39m","time":"2019-04-25T04:00:30.619Z","v":0}
{"name":"hexo","hostname":"imoncedeMacBook-Pro.local","pid":36398,"level":20,"msg":"Processed: \u001b[35mlayout/_partial/base-header.ejs\u001b[39m","time":"2019-04-25T04:00:30.619Z","v":0}
{"name":"hexo","hostname":"imoncedeMacBook-Pro.local","pid":36398,"level":20,"msg":"Processed: \u001b[35mlayout/_partial/base-preload-polyfill.ejs\u001b[39m","time":"2019-04-25T04:00:30.620Z","v":0}
{"name":"hexo","hostname":"imoncedeMacBook-Pro.local","pid":36398,"level":20,"msg":"Processed: \u001b[35mlayout/_partial/base-head.ejs\u001b[39m","time":"2019-04-25T04:00:30.620Z","v":0}
{"name":"hexo","hostname":"imoncedeMacBook-Pro.local","pid":36398,"level":20,"msg":"Processed: \u001b[35mlayout/_partial/base-profile.ejs\u001b[39m","time":"2019-04-25T04:00:30.620Z","v":0}
{"name":"hexo","hostname":"imoncedeMacBook-Pro.local","pid":36398,"level":20,"msg":"Processed: \u001b[35mlayout/_partial/base-social.ejs\u001b[39m","time":"2019-04-25T04:00:30.620Z","v":0}
{"name":"hexo","hostname":"imoncedeMacBook-Pro.local","pid":36398,"level":20,"msg":"Processed: \u001b[35mlayout/_partial/intro-height.ejs\u001b[39m","time":"2019-04-25T04:00:30.620Z","v":0}
{"name":"hexo","hostname":"imoncedeMacBook-Pro.local","pid":36398,"level":20,"msg":"Processed: \u001b[35mlayout/_partial/base-title-tags.ejs\u001b[39m","time":"2019-04-25T04:00:30.620Z","v":0}
{"name":"hexo","hostname":"imoncedeMacBook-Pro.local","pid":36398,"level":20,"msg":"Processed: \u001b[35mlayout/_partial/comment/custom.ejs\u001b[39m","time":"2019-04-25T04:00:30.837Z","v":0}
{"name":"hexo","hostname":"imoncedeMacBook-Pro.local","pid":36398,"level":20,"msg":"Processed: \u001b[35msource/intro/index-bg.jpg\u001b[39m","time":"2019-04-25T04:00:30.840Z","v":0}
{"name":"hexo","hostname":"imoncedeMacBook-Pro.local","pid":36398,"level":20,"msg":"Processed: \u001b[35mlayout/_partial/comment/changyan.ejs\u001b[39m","time":"2019-04-25T04:00:30.957Z","v":0}
{"name":"hexo","hostname":"imoncedeMacBook-Pro.local","pid":36398,"level":20,"msg":"Processed: \u001b[35mlayout/_partial/comment/disqus.ejs\u001b[39m","time":"2019-04-25T04:00:30.957Z","v":0}
{"name":"hexo","hostname":"imoncedeMacBook-Pro.local","pid":36398,"level":20,"msg":"Processed: \u001b[35mlayout/_partial/comment/valine.ejs\u001b[39m","time":"2019-04-25T04:00:30.957Z","v":0}
{"name":"hexo","hostname":"imoncedeMacBook-Pro.local","pid":36398,"level":20,"msg":"Processed: \u001b[35mlayout/_partial/comment/gitment.ejs\u001b[39m","time":"2019-04-25T04:00:30.957Z","v":0}
{"name":"hexo","hostname":"imoncedeMacBook-Pro.local","pid":36398,"level":20,"msg":"Processed: \u001b[35mlayout/_partial/comment/livere.ejs\u001b[39m","time":"2019-04-25T04:00:30.957Z","v":0}
{"name":"hexo","hostname":"imoncedeMacBook-Pro.local","pid":36398,"level":20,"msg":"Processed: \u001b[35mlayout/_partial/critical-css/critical-style.ejs\u001b[39m","time":"2019-04-25T04:00:30.957Z","v":0}
{"name":"hexo","hostname":"imoncedeMacBook-Pro.local","pid":36398,"level":20,"msg":"Processed: \u001b[35mlayout/_partial/comment/youyan.ejs\u001b[39m","time":"2019-04-25T04:00:30.957Z","v":0}
{"name":"hexo","hostname":"imoncedeMacBook-Pro.local","pid":36398,"level":20,"msg":"Processed: \u001b[35mlayout/_partial/script/font-loader.ejs\u001b[39m","time":"2019-04-25T04:00:30.957Z","v":0}
{"name":"hexo","hostname":"imoncedeMacBook-Pro.local","pid":36398,"level":20,"msg":"Processed: \u001b[35mlayout/_partial/sidebar/base-sidebar.ejs\u001b[39m","time":"2019-04-25T04:00:30.957Z","v":0}
{"name":"hexo","hostname":"imoncedeMacBook-Pro.local","pid":36398,"level":20,"msg":"Processed: \u001b[35mlayout/_partial/sidebar/sidebar-tags.ejs\u001b[39m","time":"2019-04-25T04:00:30.957Z","v":0}
{"name":"hexo","hostname":"imoncedeMacBook-Pro.local","pid":36398,"level":20,"msg":"Processed: \u001b[35mlayout/_partial/sidebar/sidebar-archives.ejs\u001b[39m","time":"2019-04-25T04:00:30.957Z","v":0}
{"name":"hexo","hostname":"imoncedeMacBook-Pro.local","pid":36398,"level":20,"msg":"Processed: \u001b[35mlayout/_partial/sidebar/sidebar-categories.ejs\u001b[39m","time":"2019-04-25T04:00:30.957Z","v":0}
{"name":"hexo","hostname":"imoncedeMacBook-Pro.local","pid":36398,"level":20,"msg":"Processed: \u001b[35massets/font/normalblack.ttf\u001b[39m","time":"2019-04-25T04:00:31.150Z","v":0}
{"name":"hexo","hostname":"imoncedeMacBook-Pro.local","pid":36398,"level":20,"msg":"Processed: \u001b[35massets/font/thinround.ttf\u001b[39m","time":"2019-04-25T04:00:31.332Z","v":0}
{"name":"hexo","hostname":"imoncedeMacBook-Pro.local","pid":36398,"level":20,"msg":"Processed: \u001b[35massets/font/thinblack.ttf\u001b[39m","time":"2019-04-25T04:00:31.369Z","v":0}
{"name":"hexo","hostname":"imoncedeMacBook-Pro.local","pid":36398,"level":20,"msg":"Processed: \u001b[35massets/font/whiteboat.ttf\u001b[39m","time":"2019-04-25T04:00:32.456Z","v":0}
{"name":"hexo","hostname":"imoncedeMacBook-Pro.local","pid":36398,"level":30,"msg":"Farewell","time":"2019-04-25T04:01:02.454Z","v":0}
{"name":"hexo","hostname":"imoncedeMacBook-Pro.local","pid":36398,"level":20,"msg":"Database saved","time":"2019-04-25T04:01:02.664Z","v":0}
{"name":"hexo","hostname":"imoncedeMacBook-Pro.local","pid":36407,"level":20,"msg":"Writing database to /Users/imonce/Documents/Hexo/db.json","time":"2019-04-25T04:01:31.448Z","v":0}
{"name":"hexo","hostname":"imoncedeMacBook-Pro.local","pid":36407,"level":20,"msg":"Hexo version: \u001b[35m3.8.0\u001b[39m","time":"2019-04-25T04:01:31.461Z","v":0}
{"name":"hexo","hostname":"imoncedeMacBook-Pro.local","pid":36407,"level":20,"msg":"Working directory: \u001b[35m~/Documents/Hexo/\u001b[39m","time":"2019-04-25T04:01:31.461Z","v":0}
{"name":"hexo","hostname":"imoncedeMacBook-Pro.local","pid":36407,"level":20,"msg":"Config loaded: \u001b[35m~/Documents/Hexo/_config.yml\u001b[39m","time":"2019-04-25T04:01:31.535Z","v":0}
{"name":"hexo","hostname":"imoncedeMacBook-Pro.local","pid":36407,"level":20,"msg":"Plugin loaded: \u001b[35mhexo-deployer-git\u001b[39m","time":"2019-04-25T04:01:31.583Z","v":0}
{"name":"hexo","hostname":"imoncedeMacBook-Pro.local","pid":36407,"level":20,"msg":"Plugin loaded: \u001b[35mhexo-generator-archive\u001b[39m","time":"2019-04-25T04:01:31.585Z","v":0}
{"name":"hexo","hostname":"imoncedeMacBook-Pro.local","pid":36407,"level":20,"msg":"Plugin loaded: \u001b[35mhexo-generator-category\u001b[39m","time":"2019-04-25T04:01:31.586Z","v":0}
{"name":"hexo","hostname":"imoncedeMacBook-Pro.local","pid":36407,"level":20,"msg":"Plugin loaded: \u001b[35mhexo-generator-tag\u001b[39m","time":"2019-04-25T04:01:31.588Z","v":0}
{"name":"hexo","hostname":"imoncedeMacBook-Pro.local","pid":36407,"level":20,"msg":"Plugin loaded: \u001b[35mhexo-generator-index\u001b[39m","time":"2019-04-25T04:01:31.589Z","v":0}
{"name":"hexo","hostname":"imoncedeMacBook-Pro.local","pid":36407,"level":20,"msg":"Plugin loaded: \u001b[35mhexo-git-backup\u001b[39m","time":"2019-04-25T04:01:31.603Z","v":0}
{"name":"hexo","hostname":"imoncedeMacBook-Pro.local","pid":36407,"level":20,"msg":"Plugin loaded: \u001b[35mhexo-inject\u001b[39m","time":"2019-04-25T04:01:31.738Z","v":0}
{"name":"hexo","hostname":"imoncedeMacBook-Pro.local","pid":36407,"level":20,"msg":"Plugin loaded: \u001b[35mhexo-renderer-ejs\u001b[39m","time":"2019-04-25T04:01:31.741Z","v":0}
{"name":"hexo","hostname":"imoncedeMacBook-Pro.local","pid":36407,"level":20,"msg":"Plugin loaded: \u001b[35mhexo-renderer-marked\u001b[39m","time":"2019-04-25T04:01:31.745Z","v":0}
{"name":"hexo","hostname":"imoncedeMacBook-Pro.local","pid":36407,"level":20,"msg":"Plugin loaded: \u001b[35mhexo-renderer-stylus\u001b[39m","time":"2019-04-25T04:01:31.746Z","v":0}
{"name":"hexo","hostname":"imoncedeMacBook-Pro.local","pid":36407,"level":20,"msg":"Plugin loaded: \u001b[35mhexo-server\u001b[39m","time":"2019-04-25T04:01:31.788Z","v":0}
{"name":"hexo","hostname":"imoncedeMacBook-Pro.local","pid":36407,"level":20,"msg":"Plugin loaded: \u001b[35mhexo-wordcount\u001b[39m","time":"2019-04-25T04:01:31.814Z","v":0}
{"name":"hexo","hostname":"imoncedeMacBook-Pro.local","pid":36407,"level":20,"msg":"[hexo-inject] firing inject_ready","time":"2019-04-25T04:01:31.815Z","v":0}
{"name":"hexo","hostname":"imoncedeMacBook-Pro.local","pid":36407,"level":20,"msg":"Loading database.","time":"2019-04-25T04:01:31.820Z","v":0}
{"name":"hexo","hostname":"imoncedeMacBook-Pro.local","pid":36407,"level":30,"msg":"Start processing","time":"2019-04-25T04:01:32.125Z","v":0}
{"name":"hexo","hostname":"imoncedeMacBook-Pro.local","pid":36407,"level":20,"msg":"Processed: \u001b[35m_posts/6小时精通python-一.md\u001b[39m","time":"2019-04-25T04:01:33.158Z","v":0}
{"name":"hexo","hostname":"imoncedeMacBook-Pro.local","pid":36407,"level":20,"msg":"Processed: \u001b[35m_posts/6小时精通python-三.md\u001b[39m","time":"2019-04-25T04:01:33.158Z","v":0}
{"name":"hexo","hostname":"imoncedeMacBook-Pro.local","pid":36407,"level":20,"msg":"Processed: \u001b[35m_posts/6小时精通python-二.md\u001b[39m","time":"2019-04-25T04:01:33.158Z","v":0}
{"name":"hexo","hostname":"imoncedeMacBook-Pro.local","pid":36407,"level":20,"msg":"Processed: \u001b[35m_posts/6小时精通python-五.md\u001b[39m","time":"2019-04-25T04:01:33.158Z","v":0}
{"name":"hexo","hostname":"imoncedeMacBook-Pro.local","pid":36407,"level":20,"msg":"Processed: \u001b[35m_posts/6小时精通python-六-完结.md\u001b[39m","time":"2019-04-25T04:01:33.159Z","v":0}
{"name":"hexo","hostname":"imoncedeMacBook-Pro.local","pid":36407,"level":20,"msg":"Processed: \u001b[35m_posts/6小时精通python-四.md\u001b[39m","time":"2019-04-25T04:01:33.159Z","v":0}
{"name":"hexo","hostname":"imoncedeMacBook-Pro.local","pid":36407,"level":20,"msg":"Processed: \u001b[35m_posts/Chainer入门教程(上)：在Chainer中做线性回归.md\u001b[39m","time":"2019-04-25T04:01:33.159Z","v":0}
{"name":"hexo","hostname":"imoncedeMacBook-Pro.local","pid":36407,"level":20,"msg":"Processed: \u001b[35m_posts/Chainer入门教程(下)-MNIST手写体识别.md\u001b[39m","time":"2019-04-25T04:01:33.159Z","v":0}
{"name":"hexo","hostname":"imoncedeMacBook-Pro.local","pid":36407,"level":20,"msg":"Processed: \u001b[35m_posts/Lambda演算精简教程.md\u001b[39m","time":"2019-04-25T04:01:33.159Z","v":0}
{"name":"hexo","hostname":"imoncedeMacBook-Pro.local","pid":36407,"level":20,"msg":"Processed: \u001b[35m_posts/MECE分析法学习-Mutually-Exclusive-Collectively-Exhaustive.md\u001b[39m","time":"2019-04-25T04:01:33.159Z","v":0}
{"name":"hexo","hostname":"imoncedeMacBook-Pro.local","pid":36407,"level":20,"msg":"Processed: \u001b[35m_posts/Mac如何卸载pandoc.md\u001b[39m","time":"2019-04-25T04:01:33.159Z","v":0}
{"name":"hexo","hostname":"imoncedeMacBook-Pro.local","pid":36407,"level":20,"msg":"Processed: \u001b[35m_posts/Python-python通过threading开启多线程.md\u001b[39m","time":"2019-04-25T04:01:33.159Z","v":0}
{"name":"hexo","hostname":"imoncedeMacBook-Pro.local","pid":36407,"level":20,"msg":"Processed: \u001b[35m_posts/Python-对dict字典进行排序.md\u001b[39m","time":"2019-04-25T04:01:33.159Z","v":0}
{"name":"hexo","hostname":"imoncedeMacBook-Pro.local","pid":36407,"level":20,"msg":"Processed: \u001b[35m_posts/Python入门：pickle模块简介.md\u001b[39m","time":"2019-04-25T04:01:33.159Z","v":0}
{"name":"hexo","hostname":"imoncedeMacBook-Pro.local","pid":36407,"level":20,"msg":"Processed: \u001b[35m_posts/Reading-Notes-Business-process-management-BPM-standards-a-survey.md\u001b[39m","time":"2019-04-25T04:01:33.159Z","v":0}
{"name":"hexo","hostname":"imoncedeMacBook-Pro.local","pid":36407,"level":20,"msg":"Processed: \u001b[35m_posts/Trick-bash-tensorboard-未找到命令.md\u001b[39m","time":"2019-04-25T04:01:33.160Z","v":0}
{"name":"hexo","hostname":"imoncedeMacBook-Pro.local","pid":36407,"level":20,"msg":"Processed: \u001b[35m_posts/Trick-git-pull-强制覆盖本地文件.md\u001b[39m","time":"2019-04-25T04:01:33.160Z","v":0}
{"name":"hexo","hostname":"imoncedeMacBook-Pro.local","pid":36407,"level":20,"msg":"Processed: \u001b[35m_posts/WS-BPEL-2-0-xml-schema-详解(一).md\u001b[39m","time":"2019-04-25T04:01:33.160Z","v":0}
{"name":"hexo","hostname":"imoncedeMacBook-Pro.local","pid":36407,"level":20,"msg":"Processed: \u001b[35m_posts/WS-BPEL-2-0-xml-schema-详解-三.md\u001b[39m","time":"2019-04-25T04:01:33.160Z","v":0}
{"name":"hexo","hostname":"imoncedeMacBook-Pro.local","pid":36407,"level":20,"msg":"Processed: \u001b[35m_posts/WS-BPEL-2-0-xml-schema-详解-二.md\u001b[39m","time":"2019-04-25T04:01:33.160Z","v":0}
{"name":"hexo","hostname":"imoncedeMacBook-Pro.local","pid":36407,"level":20,"msg":"Processed: \u001b[35m_posts/XMLSchema入门.md\u001b[39m","time":"2019-04-25T04:01:33.160Z","v":0}
{"name":"hexo","hostname":"imoncedeMacBook-Pro.local","pid":36407,"level":20,"msg":"Processed: \u001b[35m_posts/WS-BPEL-2-0-xml-schema-详解-全.md\u001b[39m","time":"2019-04-25T04:01:33.160Z","v":0}
{"name":"hexo","hostname":"imoncedeMacBook-Pro.local","pid":36407,"level":20,"msg":"Processed: \u001b[35m_posts/XSD学习笔记完整版.md\u001b[39m","time":"2019-04-25T04:01:33.160Z","v":0}
{"name":"hexo","hostname":"imoncedeMacBook-Pro.local","pid":36407,"level":20,"msg":"Processed: \u001b[35m_posts/[Reading Notes] Privacy-CNH- A Framework to Detect Photo Privacy with Convolutional Neural Network using Hierarchical Features.md\u001b[39m","time":"2019-04-25T04:01:33.160Z","v":0}
{"name":"hexo","hostname":"imoncedeMacBook-Pro.local","pid":36407,"level":20,"msg":"Processed: \u001b[35m_posts/[Reading Notes] Object detection via a multi-region & sematic segmentation-aware CNN model.md\u001b[39m","time":"2019-04-25T04:01:33.160Z","v":0}
{"name":"hexo","hostname":"imoncedeMacBook-Pro.local","pid":36407,"level":20,"msg":"Processed: \u001b[35m_posts/[Reading Notes] UniCrawl- A Practical Geographically Distributed Web Crawler.md\u001b[39m","time":"2019-04-25T04:01:33.160Z","v":0}
{"name":"hexo","hostname":"imoncedeMacBook-Pro.local","pid":36407,"level":20,"msg":"Processed: \u001b[35m_posts/hello-world.md\u001b[39m","time":"2019-04-25T04:01:33.160Z","v":0}
{"name":"hexo","hostname":"imoncedeMacBook-Pro.local","pid":36407,"level":20,"msg":"Processed: \u001b[35m_posts/jupyter配置远程访问.md\u001b[39m","time":"2019-04-25T04:01:33.161Z","v":0}
{"name":"hexo","hostname":"imoncedeMacBook-Pro.local","pid":36407,"level":20,"msg":"Processed: \u001b[35m_posts/latex-使用longtable实现表格跨页.md\u001b[39m","time":"2019-04-25T04:01:33.161Z","v":0}
{"name":"hexo","hostname":"imoncedeMacBook-Pro.local","pid":36407,"level":20,"msg":"Processed: \u001b[35m_posts/latex-修改bst使bib引文按照引用顺序排序.md\u001b[39m","time":"2019-04-25T04:01:33.161Z","v":0}
{"name":"hexo","hostname":"imoncedeMacBook-Pro.local","pid":36407,"level":20,"msg":"Processed: \u001b[35m_posts/latex-统一caption格式.md\u001b[39m","time":"2019-04-25T04:01:33.161Z","v":0}
{"name":"hexo","hostname":"imoncedeMacBook-Pro.local","pid":36407,"level":20,"msg":"Processed: \u001b[35m_posts/latex数学符号表.md\u001b[39m","time":"2019-04-25T04:01:33.161Z","v":0}
{"name":"hexo","hostname":"imoncedeMacBook-Pro.local","pid":36407,"level":20,"msg":"Processed: \u001b[35m_posts/linux如何查看磁盘可用空间.md\u001b[39m","time":"2019-04-25T04:01:33.161Z","v":0}
{"name":"hexo","hostname":"imoncedeMacBook-Pro.local","pid":36407,"level":20,"msg":"Processed: \u001b[35m_posts/mac显示隐藏文件-文件夹快捷键.md\u001b[39m","time":"2019-04-25T04:01:33.161Z","v":0}
{"name":"hexo","hostname":"imoncedeMacBook-Pro.local","pid":36407,"level":20,"msg":"Processed: \u001b[35m_posts/mysql-python安装错误：EnvironmentError- mysql_config not found.md\u001b[39m","time":"2019-04-25T04:01:33.161Z","v":0}
{"name":"hexo","hostname":"imoncedeMacBook-Pro.local","pid":36407,"level":20,"msg":"Processed: \u001b[35m_posts/owl本体语言学习笔记.md\u001b[39m","time":"2019-04-25T04:01:33.161Z","v":0}
{"name":"hexo","hostname":"imoncedeMacBook-Pro.local","pid":36407,"level":20,"msg":"Processed: \u001b[35m_posts/python-获取某文件夹下所有文件名.md\u001b[39m","time":"2019-04-25T04:01:33.161Z","v":0}
{"name":"hexo","hostname":"imoncedeMacBook-Pro.local","pid":36407,"level":20,"msg":"Processed: \u001b[35m_posts/从0到100：zabbix及其支持环境的完整安装教程.md\u001b[39m","time":"2019-04-25T04:01:33.161Z","v":0}
{"name":"hexo","hostname":"imoncedeMacBook-Pro.local","pid":36407,"level":20,"msg":"Processed: \u001b[35m_posts/商业模式新生代读书笔记一.md\u001b[39m","time":"2019-04-25T04:01:33.162Z","v":0}
{"name":"hexo","hostname":"imoncedeMacBook-Pro.local","pid":36407,"level":20,"msg":"Processed: \u001b[35m_posts/商业模式新生代读书笔记三.md\u001b[39m","time":"2019-04-25T04:01:33.162Z","v":0}
{"name":"hexo","hostname":"imoncedeMacBook-Pro.local","pid":36407,"level":20,"msg":"Processed: \u001b[35m_posts/商业模式新生代读书笔记二.md\u001b[39m","time":"2019-04-25T04:01:33.162Z","v":0}
{"name":"hexo","hostname":"imoncedeMacBook-Pro.local","pid":36407,"level":20,"msg":"Processed: \u001b[35m_posts/在linux上创建root权限用户（不修改系统文件）.md\u001b[39m","time":"2019-04-25T04:01:33.162Z","v":0}
{"name":"hexo","hostname":"imoncedeMacBook-Pro.local","pid":36407,"level":20,"msg":"Processed: \u001b[35m_posts/浙大邮箱第三方登录设置方法.md\u001b[39m","time":"2019-04-25T04:01:33.162Z","v":0}
{"name":"hexo","hostname":"imoncedeMacBook-Pro.local","pid":36407,"level":20,"msg":"Processed: \u001b[35m_posts/远程连接mysql报错：1130 - Host '192.168.2.204' is not allowed to connect to this MySQL server.md\u001b[39m","time":"2019-04-25T04:01:33.162Z","v":0}
{"name":"hexo","hostname":"imoncedeMacBook-Pro.local","pid":36407,"level":20,"msg":"Processed: \u001b[35m_posts/远程连接mysql报错：error 2003 （hy000）-can't connect to mysql server on 'localhost' (10061).md\u001b[39m","time":"2019-04-25T04:01:33.162Z","v":0}
{"name":"hexo","hostname":"imoncedeMacBook-Pro.local","pid":36407,"level":20,"msg":"Processed: \u001b[35m_posts/通过python进行数据分析-一.md\u001b[39m","time":"2019-04-25T04:01:33.162Z","v":0}
{"name":"hexo","hostname":"imoncedeMacBook-Pro.local","pid":36407,"level":20,"msg":"Processed: \u001b[35m_posts/通过python进行数据分析-二.md\u001b[39m","time":"2019-04-25T04:01:33.162Z","v":0}
{"name":"hexo","hostname":"imoncedeMacBook-Pro.local","pid":36407,"level":20,"msg":"Theme config loaded.","time":"2019-04-25T04:01:34.247Z","v":0}
{"name":"hexo","hostname":"imoncedeMacBook-Pro.local","pid":36407,"level":20,"msg":"Processed: \u001b[35m_config.yml\u001b[39m","time":"2019-04-25T04:01:34.276Z","v":0}
{"name":"hexo","hostname":"imoncedeMacBook-Pro.local","pid":36407,"level":20,"msg":"Processed: \u001b[35massets/files/data.py\u001b[39m","time":"2019-04-25T04:01:34.276Z","v":0}
{"name":"hexo","hostname":"imoncedeMacBook-Pro.local","pid":36407,"level":20,"msg":"Processed: \u001b[35massets/images/zabbix_1.jpg\u001b[39m","time":"2019-04-25T04:01:34.277Z","v":0}
{"name":"hexo","hostname":"imoncedeMacBook-Pro.local","pid":36407,"level":20,"msg":"Processed: \u001b[35massets/images/zabbix_10.jpg\u001b[39m","time":"2019-04-25T04:01:34.278Z","v":0}
{"name":"hexo","hostname":"imoncedeMacBook-Pro.local","pid":36407,"level":20,"msg":"Processed: \u001b[35massets/images/zabbix_11.jpg\u001b[39m","time":"2019-04-25T04:01:34.278Z","v":0}
{"name":"hexo","hostname":"imoncedeMacBook-Pro.local","pid":36407,"level":20,"msg":"Processed: \u001b[35massets/images/zabbix_13.jpg\u001b[39m","time":"2019-04-25T04:01:34.278Z","v":0}
{"name":"hexo","hostname":"imoncedeMacBook-Pro.local","pid":36407,"level":20,"msg":"Processed: \u001b[35massets/images/zabbix_12.jpg\u001b[39m","time":"2019-04-25T04:01:34.279Z","v":0}
{"name":"hexo","hostname":"imoncedeMacBook-Pro.local","pid":36407,"level":20,"msg":"Processed: \u001b[35massets/images/zabbix_2.jpg\u001b[39m","time":"2019-04-25T04:01:34.279Z","v":0}
{"name":"hexo","hostname":"imoncedeMacBook-Pro.local","pid":36407,"level":20,"msg":"Processed: \u001b[35massets/images/zabbix_4.jpg\u001b[39m","time":"2019-04-25T04:01:34.279Z","v":0}
{"name":"hexo","hostname":"imoncedeMacBook-Pro.local","pid":36407,"level":20,"msg":"Processed: \u001b[35massets/images/zabbix_5.jpg\u001b[39m","time":"2019-04-25T04:01:34.279Z","v":0}
{"name":"hexo","hostname":"imoncedeMacBook-Pro.local","pid":36407,"level":20,"msg":"Processed: \u001b[35massets/images/zabbix_6.jpg\u001b[39m","time":"2019-04-25T04:01:34.279Z","v":0}
{"name":"hexo","hostname":"imoncedeMacBook-Pro.local","pid":36407,"level":20,"msg":"Processed: \u001b[35massets/images/zabbix_7.jpg\u001b[39m","time":"2019-04-25T04:01:34.279Z","v":0}
{"name":"hexo","hostname":"imoncedeMacBook-Pro.local","pid":36407,"level":20,"msg":"Processed: \u001b[35massets/images/zabbix_8.jpg\u001b[39m","time":"2019-04-25T04:01:34.279Z","v":0}
{"name":"hexo","hostname":"imoncedeMacBook-Pro.local","pid":36407,"level":20,"msg":"Processed: \u001b[35massets/images/zabbix_9.jpg\u001b[39m","time":"2019-04-25T04:01:34.279Z","v":0}
{"name":"hexo","hostname":"imoncedeMacBook-Pro.local","pid":36407,"level":20,"msg":"Processed: \u001b[35msource/assets/algolia_logo.svg\u001b[39m","time":"2019-04-25T04:01:34.279Z","v":0}
{"name":"hexo","hostname":"imoncedeMacBook-Pro.local","pid":36407,"level":20,"msg":"Processed: \u001b[35msource/assets/example_qr.png\u001b[39m","time":"2019-04-25T04:01:34.279Z","v":0}
{"name":"hexo","hostname":"imoncedeMacBook-Pro.local","pid":36407,"level":20,"msg":"Processed: \u001b[35msource/assets/favicon.ico\u001b[39m","time":"2019-04-25T04:01:34.279Z","v":0}
{"name":"hexo","hostname":"imoncedeMacBook-Pro.local","pid":36407,"level":20,"msg":"Processed: \u001b[35msource/assets/loading.svg\u001b[39m","time":"2019-04-25T04:01:34.280Z","v":0}
{"name":"hexo","hostname":"imoncedeMacBook-Pro.local","pid":36407,"level":20,"msg":"Processed: \u001b[35msource/avatar/C_Meng.png\u001b[39m","time":"2019-04-25T04:01:34.280Z","v":0}
{"name":"hexo","hostname":"imoncedeMacBook-Pro.local","pid":36407,"level":20,"msg":"Processed: \u001b[35msource/css/mobile.css\u001b[39m","time":"2019-04-25T04:01:34.280Z","v":0}
{"name":"hexo","hostname":"imoncedeMacBook-Pro.local","pid":36407,"level":20,"msg":"Processed: \u001b[35msource/avatar/Misaka.jpg\u001b[39m","time":"2019-04-25T04:01:34.280Z","v":0}
{"name":"hexo","hostname":"imoncedeMacBook-Pro.local","pid":36407,"level":20,"msg":"Processed: \u001b[35msource/css/style.css\u001b[39m","time":"2019-04-25T04:01:34.280Z","v":0}
{"name":"hexo","hostname":"imoncedeMacBook-Pro.local","pid":36407,"level":20,"msg":"Processed: \u001b[35msource/css/styleback.css\u001b[39m","time":"2019-04-25T04:01:34.280Z","v":0}
{"name":"hexo","hostname":"imoncedeMacBook-Pro.local","pid":36407,"level":20,"msg":"Processed: \u001b[35msource/font/Source Sans Pro.woff\u001b[39m","time":"2019-04-25T04:01:34.280Z","v":0}
{"name":"hexo","hostname":"imoncedeMacBook-Pro.local","pid":36407,"level":20,"msg":"Processed: \u001b[35msource/font/Source Sans Pro.woff2\u001b[39m","time":"2019-04-25T04:01:34.280Z","v":0}
{"name":"hexo","hostname":"imoncedeMacBook-Pro.local","pid":36407,"level":20,"msg":"Processed: \u001b[35msource/lib/webfontloader.min.js\u001b[39m","time":"2019-04-25T04:01:34.280Z","v":0}
{"name":"hexo","hostname":"imoncedeMacBook-Pro.local","pid":36407,"level":20,"msg":"Processed: \u001b[35msource/scripts/main.js\u001b[39m","time":"2019-04-25T04:01:34.280Z","v":0}
{"name":"hexo","hostname":"imoncedeMacBook-Pro.local","pid":36407,"level":20,"msg":"Processed: \u001b[35msource/scripts/search.js\u001b[39m","time":"2019-04-25T04:01:34.281Z","v":0}
{"name":"hexo","hostname":"imoncedeMacBook-Pro.local","pid":36407,"level":20,"msg":"Processed: \u001b[35msource/scripts/share.js\u001b[39m","time":"2019-04-25T04:01:34.281Z","v":0}
{"name":"hexo","hostname":"imoncedeMacBook-Pro.local","pid":36407,"level":20,"msg":"Processed: \u001b[35massets/images/zabbix_14.jpg\u001b[39m","time":"2019-04-25T04:01:34.701Z","v":0}
{"name":"hexo","hostname":"imoncedeMacBook-Pro.local","pid":36407,"level":20,"msg":"Processed: \u001b[35massets/images/zabbix_3.jpg\u001b[39m","time":"2019-04-25T04:01:34.702Z","v":0}
{"name":"hexo","hostname":"imoncedeMacBook-Pro.local","pid":36407,"level":20,"msg":"Processed: \u001b[35msource/font/Oswald-Regular.ttf\u001b[39m","time":"2019-04-25T04:01:34.702Z","v":0}
{"name":"hexo","hostname":"imoncedeMacBook-Pro.local","pid":36407,"level":20,"msg":"Processed: \u001b[35msource/font/SourceCodePro-Regular.ttf.woff\u001b[39m","time":"2019-04-25T04:01:34.702Z","v":0}
{"name":"hexo","hostname":"imoncedeMacBook-Pro.local","pid":36407,"level":20,"msg":"Processed: \u001b[35msource/font/SourceCodePro-Regular.ttf.woff2\u001b[39m","time":"2019-04-25T04:01:34.702Z","v":0}
{"name":"hexo","hostname":"imoncedeMacBook-Pro.local","pid":36407,"level":20,"msg":"Processed: \u001b[35msource/intro/404-bg.jpg\u001b[39m","time":"2019-04-25T04:01:34.703Z","v":0}
{"name":"hexo","hostname":"imoncedeMacBook-Pro.local","pid":36407,"level":20,"msg":"Processed: \u001b[35msource/lib/jquery.min.js\u001b[39m","time":"2019-04-25T04:01:34.703Z","v":0}
{"name":"hexo","hostname":"imoncedeMacBook-Pro.local","pid":36407,"level":20,"msg":"Processed: \u001b[35mlayout/404.ejs\u001b[39m","time":"2019-04-25T04:01:35.242Z","v":0}
{"name":"hexo","hostname":"imoncedeMacBook-Pro.local","pid":36407,"level":20,"msg":"Processed: \u001b[35mlayout/about.ejs\u001b[39m","time":"2019-04-25T04:01:35.243Z","v":0}
{"name":"hexo","hostname":"imoncedeMacBook-Pro.local","pid":36407,"level":20,"msg":"Processed: \u001b[35mlayout/index.ejs\u001b[39m","time":"2019-04-25T04:01:35.243Z","v":0}
{"name":"hexo","hostname":"imoncedeMacBook-Pro.local","pid":36407,"level":20,"msg":"Processed: \u001b[35mlayout/layout.ejs\u001b[39m","time":"2019-04-25T04:01:35.243Z","v":0}
{"name":"hexo","hostname":"imoncedeMacBook-Pro.local","pid":36407,"level":20,"msg":"Processed: \u001b[35mlayout/post.ejs\u001b[39m","time":"2019-04-25T04:01:35.243Z","v":0}
{"name":"hexo","hostname":"imoncedeMacBook-Pro.local","pid":36407,"level":20,"msg":"Processed: \u001b[35mlayout/site-meta.ejs\u001b[39m","time":"2019-04-25T04:01:35.243Z","v":0}
{"name":"hexo","hostname":"imoncedeMacBook-Pro.local","pid":36407,"level":20,"msg":"Processed: \u001b[35mlanguages/default.yml\u001b[39m","time":"2019-04-25T04:01:35.282Z","v":0}
{"name":"hexo","hostname":"imoncedeMacBook-Pro.local","pid":36407,"level":20,"msg":"Processed: \u001b[35mlanguages/en.yml\u001b[39m","time":"2019-04-25T04:01:35.283Z","v":0}
{"name":"hexo","hostname":"imoncedeMacBook-Pro.local","pid":36407,"level":20,"msg":"Processed: \u001b[35msource/intro/about-bg.jpg\u001b[39m","time":"2019-04-25T04:01:35.680Z","v":0}
{"name":"hexo","hostname":"imoncedeMacBook-Pro.local","pid":36407,"level":20,"msg":"Processed: \u001b[35msource/intro/post-bg.jpg\u001b[39m","time":"2019-04-25T04:01:35.680Z","v":0}
{"name":"hexo","hostname":"imoncedeMacBook-Pro.local","pid":36407,"level":20,"msg":"Processed: \u001b[35mlayout/_partial/algolia.ejs\u001b[39m","time":"2019-04-25T04:01:35.967Z","v":0}
{"name":"hexo","hostname":"imoncedeMacBook-Pro.local","pid":36407,"level":20,"msg":"Processed: \u001b[35mlayout/_partial/base-background-image.ejs\u001b[39m","time":"2019-04-25T04:01:35.967Z","v":0}
{"name":"hexo","hostname":"imoncedeMacBook-Pro.local","pid":36407,"level":20,"msg":"Processed: \u001b[35mlayout/_partial/base-footer.ejs\u001b[39m","time":"2019-04-25T04:01:35.967Z","v":0}
{"name":"hexo","hostname":"imoncedeMacBook-Pro.local","pid":36407,"level":20,"msg":"Processed: \u001b[35mlayout/_partial/base-header.ejs\u001b[39m","time":"2019-04-25T04:01:35.967Z","v":0}
{"name":"hexo","hostname":"imoncedeMacBook-Pro.local","pid":36407,"level":20,"msg":"Processed: \u001b[35mlayout/_partial/base-head.ejs\u001b[39m","time":"2019-04-25T04:01:35.967Z","v":0}
{"name":"hexo","hostname":"imoncedeMacBook-Pro.local","pid":36407,"level":20,"msg":"Processed: \u001b[35mlayout/_partial/base-social.ejs\u001b[39m","time":"2019-04-25T04:01:35.967Z","v":0}
{"name":"hexo","hostname":"imoncedeMacBook-Pro.local","pid":36407,"level":20,"msg":"Processed: \u001b[35mlayout/_partial/base-preload-polyfill.ejs\u001b[39m","time":"2019-04-25T04:01:35.967Z","v":0}
{"name":"hexo","hostname":"imoncedeMacBook-Pro.local","pid":36407,"level":20,"msg":"Processed: \u001b[35mlayout/_partial/base-title-tags.ejs\u001b[39m","time":"2019-04-25T04:01:35.967Z","v":0}
{"name":"hexo","hostname":"imoncedeMacBook-Pro.local","pid":36407,"level":20,"msg":"Processed: \u001b[35mlayout/_partial/intro-height.ejs\u001b[39m","time":"2019-04-25T04:01:35.967Z","v":0}
{"name":"hexo","hostname":"imoncedeMacBook-Pro.local","pid":36407,"level":20,"msg":"Processed: \u001b[35mlayout/_partial/base-profile.ejs\u001b[39m","time":"2019-04-25T04:01:35.968Z","v":0}
{"name":"hexo","hostname":"imoncedeMacBook-Pro.local","pid":36407,"level":20,"msg":"Processed: \u001b[35mlayout/_partial/comment/custom.ejs\u001b[39m","time":"2019-04-25T04:01:36.217Z","v":0}
{"name":"hexo","hostname":"imoncedeMacBook-Pro.local","pid":36407,"level":20,"msg":"Processed: \u001b[35msource/intro/index-bg.jpg\u001b[39m","time":"2019-04-25T04:01:36.218Z","v":0}
{"name":"hexo","hostname":"imoncedeMacBook-Pro.local","pid":36407,"level":20,"msg":"Processed: \u001b[35mlayout/_partial/comment/changyan.ejs\u001b[39m","time":"2019-04-25T04:01:36.323Z","v":0}
{"name":"hexo","hostname":"imoncedeMacBook-Pro.local","pid":36407,"level":20,"msg":"Processed: \u001b[35mlayout/_partial/comment/disqus.ejs\u001b[39m","time":"2019-04-25T04:01:36.323Z","v":0}
{"name":"hexo","hostname":"imoncedeMacBook-Pro.local","pid":36407,"level":20,"msg":"Processed: \u001b[35mlayout/_partial/comment/gitment.ejs\u001b[39m","time":"2019-04-25T04:01:36.323Z","v":0}
{"name":"hexo","hostname":"imoncedeMacBook-Pro.local","pid":36407,"level":20,"msg":"Processed: \u001b[35mlayout/_partial/comment/livere.ejs\u001b[39m","time":"2019-04-25T04:01:36.323Z","v":0}
{"name":"hexo","hostname":"imoncedeMacBook-Pro.local","pid":36407,"level":20,"msg":"Processed: \u001b[35mlayout/_partial/comment/valine.ejs\u001b[39m","time":"2019-04-25T04:01:36.323Z","v":0}
{"name":"hexo","hostname":"imoncedeMacBook-Pro.local","pid":36407,"level":20,"msg":"Processed: \u001b[35mlayout/_partial/script/font-loader.ejs\u001b[39m","time":"2019-04-25T04:01:36.323Z","v":0}
{"name":"hexo","hostname":"imoncedeMacBook-Pro.local","pid":36407,"level":20,"msg":"Processed: \u001b[35mlayout/_partial/critical-css/critical-style.ejs\u001b[39m","time":"2019-04-25T04:01:36.323Z","v":0}
{"name":"hexo","hostname":"imoncedeMacBook-Pro.local","pid":36407,"level":20,"msg":"Processed: \u001b[35mlayout/_partial/comment/youyan.ejs\u001b[39m","time":"2019-04-25T04:01:36.323Z","v":0}
{"name":"hexo","hostname":"imoncedeMacBook-Pro.local","pid":36407,"level":20,"msg":"Processed: \u001b[35mlayout/_partial/sidebar/sidebar-archives.ejs\u001b[39m","time":"2019-04-25T04:01:36.323Z","v":0}
{"name":"hexo","hostname":"imoncedeMacBook-Pro.local","pid":36407,"level":20,"msg":"Processed: \u001b[35mlayout/_partial/sidebar/base-sidebar.ejs\u001b[39m","time":"2019-04-25T04:01:36.323Z","v":0}
{"name":"hexo","hostname":"imoncedeMacBook-Pro.local","pid":36407,"level":20,"msg":"Processed: \u001b[35mlayout/_partial/sidebar/sidebar-tags.ejs\u001b[39m","time":"2019-04-25T04:01:36.323Z","v":0}
{"name":"hexo","hostname":"imoncedeMacBook-Pro.local","pid":36407,"level":20,"msg":"Processed: \u001b[35mlayout/_partial/sidebar/sidebar-categories.ejs\u001b[39m","time":"2019-04-25T04:01:36.323Z","v":0}
{"name":"hexo","hostname":"imoncedeMacBook-Pro.local","pid":36407,"level":20,"msg":"Processed: \u001b[35massets/font/normalblack.ttf\u001b[39m","time":"2019-04-25T04:01:36.492Z","v":0}
{"name":"hexo","hostname":"imoncedeMacBook-Pro.local","pid":36407,"level":20,"msg":"Processed: \u001b[35massets/font/thinround.ttf\u001b[39m","time":"2019-04-25T04:01:36.660Z","v":0}
{"name":"hexo","hostname":"imoncedeMacBook-Pro.local","pid":36407,"level":20,"msg":"Processed: \u001b[35massets/font/thinblack.ttf\u001b[39m","time":"2019-04-25T04:01:36.689Z","v":0}
{"name":"hexo","hostname":"imoncedeMacBook-Pro.local","pid":36407,"level":20,"msg":"Processed: \u001b[35massets/font/whiteboat.ttf\u001b[39m","time":"2019-04-25T04:01:37.761Z","v":0}
{"name":"hexo","hostname":"imoncedeMacBook-Pro.local","pid":36407,"level":30,"msg":"Catch you later","time":"2019-04-25T04:02:10.186Z","v":0}
{"name":"hexo","hostname":"imoncedeMacBook-Pro.local","pid":36407,"level":20,"msg":"Database saved","time":"2019-04-25T04:02:10.401Z","v":0}
{"name":"hexo","hostname":"imoncedeMacBook-Pro.local","pid":36418,"level":20,"msg":"Writing database to /Users/imonce/Documents/Hexo/db.json","time":"2019-04-25T04:02:38.746Z","v":0}
{"name":"hexo","hostname":"imoncedeMacBook-Pro.local","pid":36418,"level":20,"msg":"Hexo version: \u001b[35m3.8.0\u001b[39m","time":"2019-04-25T04:02:38.759Z","v":0}
{"name":"hexo","hostname":"imoncedeMacBook-Pro.local","pid":36418,"level":20,"msg":"Working directory: \u001b[35m~/Documents/Hexo/\u001b[39m","time":"2019-04-25T04:02:38.759Z","v":0}
{"name":"hexo","hostname":"imoncedeMacBook-Pro.local","pid":36418,"level":20,"msg":"Config loaded: \u001b[35m~/Documents/Hexo/_config.yml\u001b[39m","time":"2019-04-25T04:02:38.831Z","v":0}
{"name":"hexo","hostname":"imoncedeMacBook-Pro.local","pid":36418,"level":20,"msg":"Plugin loaded: \u001b[35mhexo-deployer-git\u001b[39m","time":"2019-04-25T04:02:38.877Z","v":0}
{"name":"hexo","hostname":"imoncedeMacBook-Pro.local","pid":36418,"level":20,"msg":"Plugin loaded: \u001b[35mhexo-generator-archive\u001b[39m","time":"2019-04-25T04:02:38.879Z","v":0}
{"name":"hexo","hostname":"imoncedeMacBook-Pro.local","pid":36418,"level":20,"msg":"Plugin loaded: \u001b[35mhexo-generator-index\u001b[39m","time":"2019-04-25T04:02:38.880Z","v":0}
{"name":"hexo","hostname":"imoncedeMacBook-Pro.local","pid":36418,"level":20,"msg":"Plugin loaded: \u001b[35mhexo-generator-category\u001b[39m","time":"2019-04-25T04:02:38.882Z","v":0}
{"name":"hexo","hostname":"imoncedeMacBook-Pro.local","pid":36418,"level":20,"msg":"Plugin loaded: \u001b[35mhexo-generator-tag\u001b[39m","time":"2019-04-25T04:02:38.883Z","v":0}
{"name":"hexo","hostname":"imoncedeMacBook-Pro.local","pid":36418,"level":20,"msg":"Plugin loaded: \u001b[35mhexo-git-backup\u001b[39m","time":"2019-04-25T04:02:38.897Z","v":0}
{"name":"hexo","hostname":"imoncedeMacBook-Pro.local","pid":36418,"level":20,"msg":"Plugin loaded: \u001b[35mhexo-renderer-marked\u001b[39m","time":"2019-04-25T04:02:38.901Z","v":0}
{"name":"hexo","hostname":"imoncedeMacBook-Pro.local","pid":36418,"level":20,"msg":"Plugin loaded: \u001b[35mhexo-renderer-stylus\u001b[39m","time":"2019-04-25T04:02:38.902Z","v":0}
{"name":"hexo","hostname":"imoncedeMacBook-Pro.local","pid":36418,"level":20,"msg":"Plugin loaded: \u001b[35mhexo-server\u001b[39m","time":"2019-04-25T04:02:38.941Z","v":0}
{"name":"hexo","hostname":"imoncedeMacBook-Pro.local","pid":36418,"level":20,"msg":"Plugin loaded: \u001b[35mhexo-renderer-ejs\u001b[39m","time":"2019-04-25T04:02:38.943Z","v":0}
{"name":"hexo","hostname":"imoncedeMacBook-Pro.local","pid":36418,"level":20,"msg":"Plugin loaded: \u001b[35mhexo-wordcount\u001b[39m","time":"2019-04-25T04:02:38.973Z","v":0}
{"name":"hexo","hostname":"imoncedeMacBook-Pro.local","pid":36418,"level":20,"msg":"Loading database.","time":"2019-04-25T04:02:38.978Z","v":0}
{"name":"hexo","hostname":"imoncedeMacBook-Pro.local","pid":36418,"level":30,"msg":"Start processing","time":"2019-04-25T04:02:39.277Z","v":0}
{"name":"hexo","hostname":"imoncedeMacBook-Pro.local","pid":36418,"level":20,"msg":"Processed: \u001b[35m_posts/6小时精通python-一.md\u001b[39m","time":"2019-04-25T04:02:39.952Z","v":0}
{"name":"hexo","hostname":"imoncedeMacBook-Pro.local","pid":36418,"level":20,"msg":"Processed: \u001b[35m_posts/6小时精通python-三.md\u001b[39m","time":"2019-04-25T04:02:39.952Z","v":0}
{"name":"hexo","hostname":"imoncedeMacBook-Pro.local","pid":36418,"level":20,"msg":"Processed: \u001b[35m_posts/6小时精通python-二.md\u001b[39m","time":"2019-04-25T04:02:39.952Z","v":0}
{"name":"hexo","hostname":"imoncedeMacBook-Pro.local","pid":36418,"level":20,"msg":"Processed: \u001b[35m_posts/6小时精通python-五.md\u001b[39m","time":"2019-04-25T04:02:39.953Z","v":0}
{"name":"hexo","hostname":"imoncedeMacBook-Pro.local","pid":36418,"level":20,"msg":"Processed: \u001b[35m_posts/6小时精通python-六-完结.md\u001b[39m","time":"2019-04-25T04:02:39.953Z","v":0}
{"name":"hexo","hostname":"imoncedeMacBook-Pro.local","pid":36418,"level":20,"msg":"Processed: \u001b[35m_posts/6小时精通python-四.md\u001b[39m","time":"2019-04-25T04:02:39.953Z","v":0}
{"name":"hexo","hostname":"imoncedeMacBook-Pro.local","pid":36418,"level":20,"msg":"Processed: \u001b[35m_posts/Chainer入门教程(上)：在Chainer中做线性回归.md\u001b[39m","time":"2019-04-25T04:02:39.953Z","v":0}
{"name":"hexo","hostname":"imoncedeMacBook-Pro.local","pid":36418,"level":20,"msg":"Processed: \u001b[35m_posts/Chainer入门教程(下)-MNIST手写体识别.md\u001b[39m","time":"2019-04-25T04:02:39.953Z","v":0}
{"name":"hexo","hostname":"imoncedeMacBook-Pro.local","pid":36418,"level":20,"msg":"Processed: \u001b[35m_posts/Lambda演算精简教程.md\u001b[39m","time":"2019-04-25T04:02:39.953Z","v":0}
{"name":"hexo","hostname":"imoncedeMacBook-Pro.local","pid":36418,"level":20,"msg":"Processed: \u001b[35m_posts/MECE分析法学习-Mutually-Exclusive-Collectively-Exhaustive.md\u001b[39m","time":"2019-04-25T04:02:39.953Z","v":0}
{"name":"hexo","hostname":"imoncedeMacBook-Pro.local","pid":36418,"level":20,"msg":"Processed: \u001b[35m_posts/Mac如何卸载pandoc.md\u001b[39m","time":"2019-04-25T04:02:39.953Z","v":0}
{"name":"hexo","hostname":"imoncedeMacBook-Pro.local","pid":36418,"level":20,"msg":"Processed: \u001b[35m_posts/Python-python通过threading开启多线程.md\u001b[39m","time":"2019-04-25T04:02:39.954Z","v":0}
{"name":"hexo","hostname":"imoncedeMacBook-Pro.local","pid":36418,"level":20,"msg":"Processed: \u001b[35m_posts/Python-对dict字典进行排序.md\u001b[39m","time":"2019-04-25T04:02:39.954Z","v":0}
{"name":"hexo","hostname":"imoncedeMacBook-Pro.local","pid":36418,"level":20,"msg":"Processed: \u001b[35m_posts/Python入门：pickle模块简介.md\u001b[39m","time":"2019-04-25T04:02:39.954Z","v":0}
{"name":"hexo","hostname":"imoncedeMacBook-Pro.local","pid":36418,"level":20,"msg":"Processed: \u001b[35m_posts/Reading-Notes-Business-process-management-BPM-standards-a-survey.md\u001b[39m","time":"2019-04-25T04:02:39.954Z","v":0}
{"name":"hexo","hostname":"imoncedeMacBook-Pro.local","pid":36418,"level":20,"msg":"Processed: \u001b[35m_posts/Trick-bash-tensorboard-未找到命令.md\u001b[39m","time":"2019-04-25T04:02:39.954Z","v":0}
{"name":"hexo","hostname":"imoncedeMacBook-Pro.local","pid":36418,"level":20,"msg":"Processed: \u001b[35m_posts/Trick-git-pull-强制覆盖本地文件.md\u001b[39m","time":"2019-04-25T04:02:39.954Z","v":0}
{"name":"hexo","hostname":"imoncedeMacBook-Pro.local","pid":36418,"level":20,"msg":"Processed: \u001b[35m_posts/WS-BPEL-2-0-xml-schema-详解(一).md\u001b[39m","time":"2019-04-25T04:02:39.954Z","v":0}
{"name":"hexo","hostname":"imoncedeMacBook-Pro.local","pid":36418,"level":20,"msg":"Processed: \u001b[35m_posts/WS-BPEL-2-0-xml-schema-详解-三.md\u001b[39m","time":"2019-04-25T04:02:39.954Z","v":0}
{"name":"hexo","hostname":"imoncedeMacBook-Pro.local","pid":36418,"level":20,"msg":"Processed: \u001b[35m_posts/WS-BPEL-2-0-xml-schema-详解-二.md\u001b[39m","time":"2019-04-25T04:02:39.954Z","v":0}
{"name":"hexo","hostname":"imoncedeMacBook-Pro.local","pid":36418,"level":20,"msg":"Processed: \u001b[35m_posts/XMLSchema入门.md\u001b[39m","time":"2019-04-25T04:02:39.954Z","v":0}
{"name":"hexo","hostname":"imoncedeMacBook-Pro.local","pid":36418,"level":20,"msg":"Processed: \u001b[35m_posts/[Reading Notes] Object detection via a multi-region & sematic segmentation-aware CNN model.md\u001b[39m","time":"2019-04-25T04:02:39.954Z","v":0}
{"name":"hexo","hostname":"imoncedeMacBook-Pro.local","pid":36418,"level":20,"msg":"Processed: \u001b[35m_posts/WS-BPEL-2-0-xml-schema-详解-全.md\u001b[39m","time":"2019-04-25T04:02:39.954Z","v":0}
{"name":"hexo","hostname":"imoncedeMacBook-Pro.local","pid":36418,"level":20,"msg":"Processed: \u001b[35m_posts/XSD学习笔记完整版.md\u001b[39m","time":"2019-04-25T04:02:39.955Z","v":0}
{"name":"hexo","hostname":"imoncedeMacBook-Pro.local","pid":36418,"level":20,"msg":"Processed: \u001b[35m_posts/[Reading Notes] UniCrawl- A Practical Geographically Distributed Web Crawler.md\u001b[39m","time":"2019-04-25T04:02:39.955Z","v":0}
{"name":"hexo","hostname":"imoncedeMacBook-Pro.local","pid":36418,"level":20,"msg":"Processed: \u001b[35m_posts/[Reading Notes] Privacy-CNH- A Framework to Detect Photo Privacy with Convolutional Neural Network using Hierarchical Features.md\u001b[39m","time":"2019-04-25T04:02:39.955Z","v":0}
{"name":"hexo","hostname":"imoncedeMacBook-Pro.local","pid":36418,"level":20,"msg":"Processed: \u001b[35m_posts/hello-world.md\u001b[39m","time":"2019-04-25T04:02:39.955Z","v":0}
{"name":"hexo","hostname":"imoncedeMacBook-Pro.local","pid":36418,"level":20,"msg":"Processed: \u001b[35m_posts/jupyter配置远程访问.md\u001b[39m","time":"2019-04-25T04:02:39.955Z","v":0}
{"name":"hexo","hostname":"imoncedeMacBook-Pro.local","pid":36418,"level":20,"msg":"Processed: \u001b[35m_posts/latex-使用longtable实现表格跨页.md\u001b[39m","time":"2019-04-25T04:02:39.955Z","v":0}
{"name":"hexo","hostname":"imoncedeMacBook-Pro.local","pid":36418,"level":20,"msg":"Processed: \u001b[35m_posts/latex-修改bst使bib引文按照引用顺序排序.md\u001b[39m","time":"2019-04-25T04:02:39.955Z","v":0}
{"name":"hexo","hostname":"imoncedeMacBook-Pro.local","pid":36418,"level":20,"msg":"Processed: \u001b[35m_posts/latex-统一caption格式.md\u001b[39m","time":"2019-04-25T04:02:39.955Z","v":0}
{"name":"hexo","hostname":"imoncedeMacBook-Pro.local","pid":36418,"level":20,"msg":"Processed: \u001b[35m_posts/latex数学符号表.md\u001b[39m","time":"2019-04-25T04:02:39.955Z","v":0}
{"name":"hexo","hostname":"imoncedeMacBook-Pro.local","pid":36418,"level":20,"msg":"Processed: \u001b[35m_posts/linux如何查看磁盘可用空间.md\u001b[39m","time":"2019-04-25T04:02:39.955Z","v":0}
{"name":"hexo","hostname":"imoncedeMacBook-Pro.local","pid":36418,"level":20,"msg":"Processed: \u001b[35m_posts/mac显示隐藏文件-文件夹快捷键.md\u001b[39m","time":"2019-04-25T04:02:39.955Z","v":0}
{"name":"hexo","hostname":"imoncedeMacBook-Pro.local","pid":36418,"level":20,"msg":"Processed: \u001b[35m_posts/mysql-python安装错误：EnvironmentError- mysql_config not found.md\u001b[39m","time":"2019-04-25T04:02:39.955Z","v":0}
{"name":"hexo","hostname":"imoncedeMacBook-Pro.local","pid":36418,"level":20,"msg":"Processed: \u001b[35m_posts/owl本体语言学习笔记.md\u001b[39m","time":"2019-04-25T04:02:39.955Z","v":0}
{"name":"hexo","hostname":"imoncedeMacBook-Pro.local","pid":36418,"level":20,"msg":"Processed: \u001b[35m_posts/python-获取某文件夹下所有文件名.md\u001b[39m","time":"2019-04-25T04:02:39.956Z","v":0}
{"name":"hexo","hostname":"imoncedeMacBook-Pro.local","pid":36418,"level":20,"msg":"Processed: \u001b[35m_posts/从0到100：zabbix及其支持环境的完整安装教程.md\u001b[39m","time":"2019-04-25T04:02:39.956Z","v":0}
{"name":"hexo","hostname":"imoncedeMacBook-Pro.local","pid":36418,"level":20,"msg":"Processed: \u001b[35m_posts/商业模式新生代读书笔记一.md\u001b[39m","time":"2019-04-25T04:02:39.956Z","v":0}
{"name":"hexo","hostname":"imoncedeMacBook-Pro.local","pid":36418,"level":20,"msg":"Processed: \u001b[35m_posts/商业模式新生代读书笔记三.md\u001b[39m","time":"2019-04-25T04:02:39.956Z","v":0}
{"name":"hexo","hostname":"imoncedeMacBook-Pro.local","pid":36418,"level":20,"msg":"Processed: \u001b[35m_posts/商业模式新生代读书笔记二.md\u001b[39m","time":"2019-04-25T04:02:39.956Z","v":0}
{"name":"hexo","hostname":"imoncedeMacBook-Pro.local","pid":36418,"level":20,"msg":"Processed: \u001b[35m_posts/在linux上创建root权限用户（不修改系统文件）.md\u001b[39m","time":"2019-04-25T04:02:39.956Z","v":0}
{"name":"hexo","hostname":"imoncedeMacBook-Pro.local","pid":36418,"level":20,"msg":"Processed: \u001b[35m_posts/浙大邮箱第三方登录设置方法.md\u001b[39m","time":"2019-04-25T04:02:39.956Z","v":0}
{"name":"hexo","hostname":"imoncedeMacBook-Pro.local","pid":36418,"level":20,"msg":"Processed: \u001b[35m_posts/远程连接mysql报错：1130 - Host '192.168.2.204' is not allowed to connect to this MySQL server.md\u001b[39m","time":"2019-04-25T04:02:39.956Z","v":0}
{"name":"hexo","hostname":"imoncedeMacBook-Pro.local","pid":36418,"level":20,"msg":"Processed: \u001b[35m_posts/远程连接mysql报错：error 2003 （hy000）-can't connect to mysql server on 'localhost' (10061).md\u001b[39m","time":"2019-04-25T04:02:39.956Z","v":0}
{"name":"hexo","hostname":"imoncedeMacBook-Pro.local","pid":36418,"level":20,"msg":"Processed: \u001b[35m_posts/通过python进行数据分析-一.md\u001b[39m","time":"2019-04-25T04:02:39.956Z","v":0}
{"name":"hexo","hostname":"imoncedeMacBook-Pro.local","pid":36418,"level":20,"msg":"Processed: \u001b[35m_posts/通过python进行数据分析-二.md\u001b[39m","time":"2019-04-25T04:02:39.956Z","v":0}
{"name":"hexo","hostname":"imoncedeMacBook-Pro.local","pid":36418,"level":20,"msg":"Theme config loaded.","time":"2019-04-25T04:02:40.830Z","v":0}
{"name":"hexo","hostname":"imoncedeMacBook-Pro.local","pid":36418,"level":20,"msg":"Processed: \u001b[35m_config.yml\u001b[39m","time":"2019-04-25T04:02:40.832Z","v":0}
{"name":"hexo","hostname":"imoncedeMacBook-Pro.local","pid":36418,"level":20,"msg":"Processed: \u001b[35massets/files/data.py\u001b[39m","time":"2019-04-25T04:02:40.832Z","v":0}
{"name":"hexo","hostname":"imoncedeMacBook-Pro.local","pid":36418,"level":20,"msg":"Processed: \u001b[35massets/images/zabbix_1.jpg\u001b[39m","time":"2019-04-25T04:02:40.833Z","v":0}
{"name":"hexo","hostname":"imoncedeMacBook-Pro.local","pid":36418,"level":20,"msg":"Processed: \u001b[35massets/images/zabbix_10.jpg\u001b[39m","time":"2019-04-25T04:02:40.833Z","v":0}
{"name":"hexo","hostname":"imoncedeMacBook-Pro.local","pid":36418,"level":20,"msg":"Processed: \u001b[35massets/images/zabbix_11.jpg\u001b[39m","time":"2019-04-25T04:02:40.833Z","v":0}
{"name":"hexo","hostname":"imoncedeMacBook-Pro.local","pid":36418,"level":20,"msg":"Processed: \u001b[35massets/images/zabbix_12.jpg\u001b[39m","time":"2019-04-25T04:02:40.833Z","v":0}
{"name":"hexo","hostname":"imoncedeMacBook-Pro.local","pid":36418,"level":20,"msg":"Processed: \u001b[35massets/images/zabbix_13.jpg\u001b[39m","time":"2019-04-25T04:02:40.833Z","v":0}
{"name":"hexo","hostname":"imoncedeMacBook-Pro.local","pid":36418,"level":20,"msg":"Processed: \u001b[35massets/images/zabbix_4.jpg\u001b[39m","time":"2019-04-25T04:02:40.834Z","v":0}
{"name":"hexo","hostname":"imoncedeMacBook-Pro.local","pid":36418,"level":20,"msg":"Processed: \u001b[35massets/images/zabbix_2.jpg\u001b[39m","time":"2019-04-25T04:02:40.834Z","v":0}
{"name":"hexo","hostname":"imoncedeMacBook-Pro.local","pid":36418,"level":20,"msg":"Processed: \u001b[35massets/images/zabbix_5.jpg\u001b[39m","time":"2019-04-25T04:02:40.834Z","v":0}
{"name":"hexo","hostname":"imoncedeMacBook-Pro.local","pid":36418,"level":20,"msg":"Processed: \u001b[35massets/images/zabbix_6.jpg\u001b[39m","time":"2019-04-25T04:02:40.834Z","v":0}
{"name":"hexo","hostname":"imoncedeMacBook-Pro.local","pid":36418,"level":20,"msg":"Processed: \u001b[35massets/images/zabbix_7.jpg\u001b[39m","time":"2019-04-25T04:02:40.834Z","v":0}
{"name":"hexo","hostname":"imoncedeMacBook-Pro.local","pid":36418,"level":20,"msg":"Processed: \u001b[35massets/images/zabbix_8.jpg\u001b[39m","time":"2019-04-25T04:02:40.834Z","v":0}
{"name":"hexo","hostname":"imoncedeMacBook-Pro.local","pid":36418,"level":20,"msg":"Processed: \u001b[35massets/images/zabbix_9.jpg\u001b[39m","time":"2019-04-25T04:02:40.834Z","v":0}
{"name":"hexo","hostname":"imoncedeMacBook-Pro.local","pid":36418,"level":20,"msg":"Processed: \u001b[35msource/assets/algolia_logo.svg\u001b[39m","time":"2019-04-25T04:02:40.834Z","v":0}
{"name":"hexo","hostname":"imoncedeMacBook-Pro.local","pid":36418,"level":20,"msg":"Processed: \u001b[35msource/assets/example_qr.png\u001b[39m","time":"2019-04-25T04:02:40.835Z","v":0}
{"name":"hexo","hostname":"imoncedeMacBook-Pro.local","pid":36418,"level":20,"msg":"Processed: \u001b[35msource/assets/favicon.ico\u001b[39m","time":"2019-04-25T04:02:40.835Z","v":0}
{"name":"hexo","hostname":"imoncedeMacBook-Pro.local","pid":36418,"level":20,"msg":"Processed: \u001b[35msource/assets/loading.svg\u001b[39m","time":"2019-04-25T04:02:40.835Z","v":0}
{"name":"hexo","hostname":"imoncedeMacBook-Pro.local","pid":36418,"level":20,"msg":"Processed: \u001b[35msource/avatar/C_Meng.png\u001b[39m","time":"2019-04-25T04:02:40.835Z","v":0}
{"name":"hexo","hostname":"imoncedeMacBook-Pro.local","pid":36418,"level":20,"msg":"Processed: \u001b[35msource/avatar/Misaka.jpg\u001b[39m","time":"2019-04-25T04:02:40.835Z","v":0}
{"name":"hexo","hostname":"imoncedeMacBook-Pro.local","pid":36418,"level":20,"msg":"Processed: \u001b[35msource/css/mobile.css\u001b[39m","time":"2019-04-25T04:02:40.835Z","v":0}
{"name":"hexo","hostname":"imoncedeMacBook-Pro.local","pid":36418,"level":20,"msg":"Processed: \u001b[35msource/css/style.css\u001b[39m","time":"2019-04-25T04:02:40.835Z","v":0}
{"name":"hexo","hostname":"imoncedeMacBook-Pro.local","pid":36418,"level":20,"msg":"Processed: \u001b[35msource/css/styleback.css\u001b[39m","time":"2019-04-25T04:02:40.836Z","v":0}
{"name":"hexo","hostname":"imoncedeMacBook-Pro.local","pid":36418,"level":20,"msg":"Processed: \u001b[35msource/font/Source Sans Pro.woff\u001b[39m","time":"2019-04-25T04:02:40.836Z","v":0}
{"name":"hexo","hostname":"imoncedeMacBook-Pro.local","pid":36418,"level":20,"msg":"Processed: \u001b[35msource/font/Source Sans Pro.woff2\u001b[39m","time":"2019-04-25T04:02:40.836Z","v":0}
{"name":"hexo","hostname":"imoncedeMacBook-Pro.local","pid":36418,"level":20,"msg":"Processed: \u001b[35msource/lib/webfontloader.min.js\u001b[39m","time":"2019-04-25T04:02:40.836Z","v":0}
{"name":"hexo","hostname":"imoncedeMacBook-Pro.local","pid":36418,"level":20,"msg":"Processed: \u001b[35msource/scripts/search.js\u001b[39m","time":"2019-04-25T04:02:40.836Z","v":0}
{"name":"hexo","hostname":"imoncedeMacBook-Pro.local","pid":36418,"level":20,"msg":"Processed: \u001b[35msource/scripts/share.js\u001b[39m","time":"2019-04-25T04:02:40.836Z","v":0}
{"name":"hexo","hostname":"imoncedeMacBook-Pro.local","pid":36418,"level":20,"msg":"Processed: \u001b[35msource/scripts/main.js\u001b[39m","time":"2019-04-25T04:02:40.836Z","v":0}
{"name":"hexo","hostname":"imoncedeMacBook-Pro.local","pid":36418,"level":20,"msg":"Processed: \u001b[35massets/images/zabbix_14.jpg\u001b[39m","time":"2019-04-25T04:02:41.406Z","v":0}
{"name":"hexo","hostname":"imoncedeMacBook-Pro.local","pid":36418,"level":20,"msg":"Processed: \u001b[35massets/images/zabbix_3.jpg\u001b[39m","time":"2019-04-25T04:02:41.408Z","v":0}
{"name":"hexo","hostname":"imoncedeMacBook-Pro.local","pid":36418,"level":20,"msg":"Processed: \u001b[35msource/font/Oswald-Regular.ttf\u001b[39m","time":"2019-04-25T04:02:41.408Z","v":0}
{"name":"hexo","hostname":"imoncedeMacBook-Pro.local","pid":36418,"level":20,"msg":"Processed: \u001b[35msource/font/SourceCodePro-Regular.ttf.woff\u001b[39m","time":"2019-04-25T04:02:41.408Z","v":0}
{"name":"hexo","hostname":"imoncedeMacBook-Pro.local","pid":36418,"level":20,"msg":"Processed: \u001b[35msource/font/SourceCodePro-Regular.ttf.woff2\u001b[39m","time":"2019-04-25T04:02:41.408Z","v":0}
{"name":"hexo","hostname":"imoncedeMacBook-Pro.local","pid":36418,"level":20,"msg":"Processed: \u001b[35msource/intro/404-bg.jpg\u001b[39m","time":"2019-04-25T04:02:41.408Z","v":0}
{"name":"hexo","hostname":"imoncedeMacBook-Pro.local","pid":36418,"level":20,"msg":"Processed: \u001b[35msource/lib/jquery.min.js\u001b[39m","time":"2019-04-25T04:02:41.409Z","v":0}
{"name":"hexo","hostname":"imoncedeMacBook-Pro.local","pid":36418,"level":20,"msg":"Processed: \u001b[35mlayout/404.ejs\u001b[39m","time":"2019-04-25T04:02:41.802Z","v":0}
{"name":"hexo","hostname":"imoncedeMacBook-Pro.local","pid":36418,"level":20,"msg":"Processed: \u001b[35mlayout/about.ejs\u001b[39m","time":"2019-04-25T04:02:41.802Z","v":0}
{"name":"hexo","hostname":"imoncedeMacBook-Pro.local","pid":36418,"level":20,"msg":"Processed: \u001b[35mlayout/index.ejs\u001b[39m","time":"2019-04-25T04:02:41.802Z","v":0}
{"name":"hexo","hostname":"imoncedeMacBook-Pro.local","pid":36418,"level":20,"msg":"Processed: \u001b[35mlayout/layout.ejs\u001b[39m","time":"2019-04-25T04:02:41.802Z","v":0}
{"name":"hexo","hostname":"imoncedeMacBook-Pro.local","pid":36418,"level":20,"msg":"Processed: \u001b[35mlayout/post.ejs\u001b[39m","time":"2019-04-25T04:02:41.802Z","v":0}
{"name":"hexo","hostname":"imoncedeMacBook-Pro.local","pid":36418,"level":20,"msg":"Processed: \u001b[35mlayout/site-meta.ejs\u001b[39m","time":"2019-04-25T04:02:41.802Z","v":0}
{"name":"hexo","hostname":"imoncedeMacBook-Pro.local","pid":36418,"level":20,"msg":"Processed: \u001b[35mlanguages/default.yml\u001b[39m","time":"2019-04-25T04:02:41.803Z","v":0}
{"name":"hexo","hostname":"imoncedeMacBook-Pro.local","pid":36418,"level":20,"msg":"Processed: \u001b[35mlanguages/en.yml\u001b[39m","time":"2019-04-25T04:02:41.803Z","v":0}
{"name":"hexo","hostname":"imoncedeMacBook-Pro.local","pid":36418,"level":20,"msg":"Processed: \u001b[35msource/intro/about-bg.jpg\u001b[39m","time":"2019-04-25T04:02:42.386Z","v":0}
{"name":"hexo","hostname":"imoncedeMacBook-Pro.local","pid":36418,"level":20,"msg":"Processed: \u001b[35msource/intro/post-bg.jpg\u001b[39m","time":"2019-04-25T04:02:42.387Z","v":0}
{"name":"hexo","hostname":"imoncedeMacBook-Pro.local","pid":36418,"level":20,"msg":"Processed: \u001b[35mlayout/_partial/algolia.ejs\u001b[39m","time":"2019-04-25T04:02:42.773Z","v":0}
{"name":"hexo","hostname":"imoncedeMacBook-Pro.local","pid":36418,"level":20,"msg":"Processed: \u001b[35mlayout/_partial/base-background-image.ejs\u001b[39m","time":"2019-04-25T04:02:42.773Z","v":0}
{"name":"hexo","hostname":"imoncedeMacBook-Pro.local","pid":36418,"level":20,"msg":"Processed: \u001b[35mlayout/_partial/base-footer.ejs\u001b[39m","time":"2019-04-25T04:02:42.773Z","v":0}
{"name":"hexo","hostname":"imoncedeMacBook-Pro.local","pid":36418,"level":20,"msg":"Processed: \u001b[35mlayout/_partial/base-head.ejs\u001b[39m","time":"2019-04-25T04:02:42.773Z","v":0}
{"name":"hexo","hostname":"imoncedeMacBook-Pro.local","pid":36418,"level":20,"msg":"Processed: \u001b[35mlayout/_partial/base-header.ejs\u001b[39m","time":"2019-04-25T04:02:42.774Z","v":0}
{"name":"hexo","hostname":"imoncedeMacBook-Pro.local","pid":36418,"level":20,"msg":"Processed: \u001b[35mlayout/_partial/base-preload-polyfill.ejs\u001b[39m","time":"2019-04-25T04:02:42.774Z","v":0}
{"name":"hexo","hostname":"imoncedeMacBook-Pro.local","pid":36418,"level":20,"msg":"Processed: \u001b[35mlayout/_partial/base-profile.ejs\u001b[39m","time":"2019-04-25T04:02:42.774Z","v":0}
{"name":"hexo","hostname":"imoncedeMacBook-Pro.local","pid":36418,"level":20,"msg":"Processed: \u001b[35mlayout/_partial/base-social.ejs\u001b[39m","time":"2019-04-25T04:02:42.774Z","v":0}
{"name":"hexo","hostname":"imoncedeMacBook-Pro.local","pid":36418,"level":20,"msg":"Processed: \u001b[35mlayout/_partial/base-title-tags.ejs\u001b[39m","time":"2019-04-25T04:02:42.774Z","v":0}
{"name":"hexo","hostname":"imoncedeMacBook-Pro.local","pid":36418,"level":20,"msg":"Processed: \u001b[35mlayout/_partial/intro-height.ejs\u001b[39m","time":"2019-04-25T04:02:42.774Z","v":0}
{"name":"hexo","hostname":"imoncedeMacBook-Pro.local","pid":36418,"level":20,"msg":"Processed: \u001b[35mlayout/_partial/comment/custom.ejs\u001b[39m","time":"2019-04-25T04:02:43.037Z","v":0}
{"name":"hexo","hostname":"imoncedeMacBook-Pro.local","pid":36418,"level":20,"msg":"Processed: \u001b[35msource/intro/index-bg.jpg\u001b[39m","time":"2019-04-25T04:02:43.089Z","v":0}
{"name":"hexo","hostname":"imoncedeMacBook-Pro.local","pid":36418,"level":20,"msg":"Processed: \u001b[35mlayout/_partial/comment/changyan.ejs\u001b[39m","time":"2019-04-25T04:02:43.239Z","v":0}
{"name":"hexo","hostname":"imoncedeMacBook-Pro.local","pid":36418,"level":20,"msg":"Processed: \u001b[35mlayout/_partial/comment/disqus.ejs\u001b[39m","time":"2019-04-25T04:02:43.239Z","v":0}
{"name":"hexo","hostname":"imoncedeMacBook-Pro.local","pid":36418,"level":20,"msg":"Processed: \u001b[35mlayout/_partial/comment/gitment.ejs\u001b[39m","time":"2019-04-25T04:02:43.239Z","v":0}
{"name":"hexo","hostname":"imoncedeMacBook-Pro.local","pid":36418,"level":20,"msg":"Processed: \u001b[35mlayout/_partial/comment/livere.ejs\u001b[39m","time":"2019-04-25T04:02:43.239Z","v":0}
{"name":"hexo","hostname":"imoncedeMacBook-Pro.local","pid":36418,"level":20,"msg":"Processed: \u001b[35mlayout/_partial/comment/valine.ejs\u001b[39m","time":"2019-04-25T04:02:43.239Z","v":0}
{"name":"hexo","hostname":"imoncedeMacBook-Pro.local","pid":36418,"level":20,"msg":"Processed: \u001b[35mlayout/_partial/comment/youyan.ejs\u001b[39m","time":"2019-04-25T04:02:43.239Z","v":0}
{"name":"hexo","hostname":"imoncedeMacBook-Pro.local","pid":36418,"level":20,"msg":"Processed: \u001b[35mlayout/_partial/critical-css/critical-style.ejs\u001b[39m","time":"2019-04-25T04:02:43.239Z","v":0}
{"name":"hexo","hostname":"imoncedeMacBook-Pro.local","pid":36418,"level":20,"msg":"Processed: \u001b[35mlayout/_partial/script/font-loader.ejs\u001b[39m","time":"2019-04-25T04:02:43.239Z","v":0}
{"name":"hexo","hostname":"imoncedeMacBook-Pro.local","pid":36418,"level":20,"msg":"Processed: \u001b[35mlayout/_partial/sidebar/base-sidebar.ejs\u001b[39m","time":"2019-04-25T04:02:43.239Z","v":0}
{"name":"hexo","hostname":"imoncedeMacBook-Pro.local","pid":36418,"level":20,"msg":"Processed: \u001b[35mlayout/_partial/sidebar/sidebar-categories.ejs\u001b[39m","time":"2019-04-25T04:02:43.239Z","v":0}
{"name":"hexo","hostname":"imoncedeMacBook-Pro.local","pid":36418,"level":20,"msg":"Processed: \u001b[35mlayout/_partial/sidebar/sidebar-archives.ejs\u001b[39m","time":"2019-04-25T04:02:43.239Z","v":0}
{"name":"hexo","hostname":"imoncedeMacBook-Pro.local","pid":36418,"level":20,"msg":"Processed: \u001b[35mlayout/_partial/sidebar/sidebar-tags.ejs\u001b[39m","time":"2019-04-25T04:02:43.239Z","v":0}
{"name":"hexo","hostname":"imoncedeMacBook-Pro.local","pid":36418,"level":20,"msg":"Processed: \u001b[35massets/font/normalblack.ttf\u001b[39m","time":"2019-04-25T04:02:43.551Z","v":0}
{"name":"hexo","hostname":"imoncedeMacBook-Pro.local","pid":36418,"level":20,"msg":"Processed: \u001b[35massets/font/thinround.ttf\u001b[39m","time":"2019-04-25T04:02:43.775Z","v":0}
{"name":"hexo","hostname":"imoncedeMacBook-Pro.local","pid":36418,"level":20,"msg":"Processed: \u001b[35massets/font/thinblack.ttf\u001b[39m","time":"2019-04-25T04:02:43.805Z","v":0}
{"name":"hexo","hostname":"imoncedeMacBook-Pro.local","pid":36418,"level":20,"msg":"Processed: \u001b[35massets/font/whiteboat.ttf\u001b[39m","time":"2019-04-25T04:02:44.951Z","v":0}
{"name":"hexo","hostname":"imoncedeMacBook-Pro.local","pid":36418,"level":30,"msg":"Have a nice day","time":"2019-04-25T04:02:53.371Z","v":0}
{"name":"hexo","hostname":"imoncedeMacBook-Pro.local","pid":36418,"level":20,"msg":"Database saved","time":"2019-04-25T04:02:53.542Z","v":0}
